#
# A fatal error has been detected by the Java Runtime Environment:
#
#  EXCEPTION_ACCESS_VIOLATION (0xc0000005) at pc=0x00007ffacfa316f0, pid=8484, tid=1360
#
# JRE version: OpenJDK Runtime Environment (15.0.1+9) (build 15.0.1+9-18)
# Java VM: OpenJDK 64-Bit Server VM (15.0.1+9-18, mixed mode, sharing, tiered, compressed oops, g1 gc, windows-amd64)
# Problematic frame:
# V  [jvm.dll+0x7616f0]
#
# No core dump will be written. Minidumps are not enabled by default on client versions of Windows
#
# If you would like to submit a bug report, please visit:
#   https://bugreport.java.com/bugreport/crash.jsp
#

---------------  S U M M A R Y ------------

Command Line: -agentlib:jdwp=transport=dt_socket,address=127.0.0.1:62555,suspend=y,server=n -javaagent:D:\Users\Stefan\AppData\Local\JetBrains\IntelliJIdea2020.2\groovyHotSwap\gragent.jar -javaagent:D:\Users\Stefan\AppData\Local\JetBrains\IntelliJIdea2020.2\captureAgent\debugger-agent.jar -Dfile.encoding=UTF-8 renderer.PluginRendererTest

Host: Intel(R) Core(TM) i7-1065G7 CPU @ 1.30GHz, 8 cores, 15G,  Windows 10 , 64 bit Build 19041 (10.0.19041.292)
Time: Sat Nov  7 03:16:08 2020 Eastern Standard Time elapsed time: 46.928193 seconds (0d 0h 0m 46s)

---------------  T H R E A D  ---------------

Current thread (0x00000279c71ee200):  JavaThread "Client" daemon [_thread_in_vm, id=1360, stack(0x000000e73b600000,0x000000e73b700000)]

Stack: [0x000000e73b600000,0x000000e73b700000],  sp=0x000000e73b6fed10,  free space=1019k
Native frames: (J=compiled Java code, j=interpreted, Vv=VM code, C=native code)
V  [jvm.dll+0x7616f0]
C  0x00000279a2ed5f02

Java frames: (J=compiled Java code, j=interpreted, Vv=VM code)
j  jdk.internal.misc.Unsafe.getLong(Ljava/lang/Object;J)J+0 java.base@15.0.1
j  sun.misc.Unsafe.getLong(Ljava/lang/Object;J)J+5 jdk.unsupported@15.0.1
j  org.lwjgl.system.MemoryUtil.memGetAddress(J)J+11
j  org.lwjgl.system.jawt.JAWTWin32DrawingSurfaceInfo.nhwnd(J)J+6
j  org.lwjgl.system.jawt.JAWTWin32DrawingSurfaceInfo.hwnd()J+4
j  renderer.plugin.JawtContextWindows.<init>(Ljava/awt/Component;)V+37
j  renderer.plugin.JawtContext.create(Ljava/awt/Component;)Lrenderer/plugin/JawtContext;+41
j  renderer.plugin.BetterRendererPlugin.lambda$startUp$1()V+52
j  renderer.plugin.BetterRendererPlugin$$Lambda$633+0x00000008010b6b40.run()V+4
j  net.runelite.client.callback.ClientThread.lambda$invoke$0(Ljava/lang/Runnable;)Z+1
j  net.runelite.client.callback.ClientThread$$Lambda$634+0x00000008010b6d60.getAsBoolean()Z+4
j  net.runelite.client.callback.ClientThread.invoke()V+56
j  net.runelite.client.callback.Hooks.clientMainLoop()V+65
j  lv.qb(Lclient;Z)V+14
j  client.ak(ZI)V+2
j  ba.d(B)V+307
j  ba.run()V+369
j  java.lang.Thread.run()V+11 java.base@15.0.1
v  ~StubRoutines::call_stub

siginfo: EXCEPTION_ACCESS_VIOLATION (0xc0000005), reading address 0xffffffffffffffff


Register to memory mapping:

RIP=0x00007ffacfa316f0 jvm.dll
RAX=0x0 is NULL
RBX=0x00000279c71ee200 is a thread
RCX=0x00000279c71ee200 is a thread
RDX=0x000000e73b6fee08 is pointing into the stack for thread: 0x00000279c71ee200
RSP=0x000000e73b6fed10 is pointing into the stack for thread: 0x00000279c71ee200
RBP=0x000000e73b6fedd0 is pointing into the stack for thread: 0x00000279c71ee200
RSI=0x0064006f00720070 is an unknown value
RDI=0x0 is NULL
R8 =0x0 is NULL
R9 =0x0064006f00720070 is an unknown value
R10=0x00000279a2ed5ed3 is at code_begin+1971 in an Interpreter codelet
method entry point (kind = native)  [0x00000279a2ed5720, 0x00000279a2ed6a00]  4832 bytes
R11=0x0000000080000101 is an unknown value
R12=0x0 is NULL
R13=0x0000000800650130 is pointing into metadata
R14=0x000000e73b6fee08 is pointing into the stack for thread: 0x00000279c71ee200
R15=0x00000279c71ee200 is a thread


Registers:
RAX=0x0000000000000000, RBX=0x00000279c71ee200, RCX=0x00000279c71ee200, RDX=0x000000e73b6fee08
RSP=0x000000e73b6fed10, RBP=0x000000e73b6fedd0, RSI=0x0064006f00720070, RDI=0x0000000000000000
R8 =0x0000000000000000, R9 =0x0064006f00720070, R10=0x00000279a2ed5ed3, R11=0x0000000080000101
R12=0x0000000000000000, R13=0x0000000800650130, R14=0x000000e73b6fee08, R15=0x00000279c71ee200
RIP=0x00007ffacfa316f0, EFLAGS=0x0000000000010246

Top of Stack: (sp=0x000000e73b6fed10)
0x000000e73b6fed10:   000000e73b6fedd0 000000e73b6fed88
0x000000e73b6fed20:   000000e73b6fed88 00000279a2ed598c
0x000000e73b6fed30:   00000279a2eccda0 00000279a2ed5f02
0x000000e73b6fed40:   00000008000a3af0 0000000000000000
0x000000e73b6fed50:   00000279a2eccda0 00000279a2ed59e5
0x000000e73b6fed60:   00000008000a3af0 000000e73b6fee10
0x000000e73b6fed70:   000000e73b6fee10 00000279a2ed4199
0x000000e73b6fed80:   00000279a2ed598c 000000e73b6fed88
0x000000e73b6fed90:   0000000800650130 000000e73b6fee08
0x000000e73b6feda0:   00000008000a0ba0 0000000000000000
0x000000e73b6fedb0:   000000070447b3d0 00000008000a3af0
0x000000e73b6fedc0:   0000000000000000 000000e73b6fedf0
0x000000e73b6fedd0:   000000e73b6fee58 00000279a2ecbf6e
0x000000e73b6fede0:   0000000000000000 00000279a2ed0f37
0x000000e73b6fedf0:   0064006f00720070 0000000000000000
0x000000e73b6fee00:   0000000000000000 000000070443fb98 

Instructions: (pc=0x00007ffacfa316f0)
0x00007ffacfa315f0:   c7 83 98 03 00 00 07 00 00 00 e8 f1 b1 eb ff 48
0x00007ffacfa31600:   8b 83 10 01 00 00 c0 e8 03 a8 01 74 08 48 8b cb
0x00007ffacfa31610:   e8 6b b6 f2 ff 48 8b 74 24 38 c7 83 98 03 00 00
0x00007ffacfa31620:   04 00 00 00 48 8b 5c 24 30 48 83 c4 20 5f c3 cc
0x00007ffacfa31630:   48 89 5c 24 08 48 89 74 24 10 57 48 83 ec 20 8b
0x00007ffacfa31640:   81 88 00 00 00 48 8d 99 d8 fc ff ff 05 55 21 ff
0x00007ffacfa31650:   ff 49 8b f1 49 8b f8 83 f8 01 76 0a 48 8b cb e8
0x00007ffacfa31660:   1c bf fd ff 33 db c7 83 98 03 00 00 05 00 00 00
0x00007ffacfa31670:   e8 7b b1 eb ff 48 8b 03 48 8b cb ff 50 38 84 c0
0x00007ffacfa31680:   74 0e 48 8b 83 10 01 00 00 c0 e8 03 24 01 eb 0b
0x00007ffacfa31690:   8b 05 7a b0 33 00 85 c0 0f 95 c0 84 c0 75 0d 8b
0x00007ffacfa316a0:   83 e0 00 00 00 a9 04 00 00 20 74 08 48 8b cb e8
0x00007ffacfa316b0:   4c c5 fd ff c7 83 98 03 00 00 06 00 00 00 48 85
0x00007ffacfa316c0:   ff 74 26 40 f6 c7 01 74 0c 48 8d 4f ff ff 15 d5
0x00007ffacfa316d0:   a0 29 00 eb 09 48 8b cf ff 15 2a 29 29 00 48 85
0x00007ffacfa316e0:   c0 74 06 48 8b 34 30 eb 11 c6 83 bc 03 00 00 01
0x00007ffacfa316f0:   48 8b 36 c6 83 bc 03 00 00 00 48 8b bb f8 00 00
0x00007ffacfa31700:   00 48 8b 4f 10 48 83 39 00 74 0c 48 8b cf e8 7d
0x00007ffacfa31710:   30 bb ff 48 8b 4f 10 48 8b 47 08 48 89 48 10 48
0x00007ffacfa31720:   8b 4f 08 48 8b 47 18 48 89 41 18 48 8b 4f 08 48
0x00007ffacfa31730:   8b 47 20 48 89 41 20 c7 83 98 03 00 00 07 00 00
0x00007ffacfa31740:   00 e8 aa b0 eb ff 48 8b 8b 10 01 00 00 c0 e9 03
0x00007ffacfa31750:   f6 c1 01 74 08 48 8b cb e8 23 b5 f2 ff 48 8b c6
0x00007ffacfa31760:   c7 83 98 03 00 00 04 00 00 00 48 8b 5c 24 30 48
0x00007ffacfa31770:   8b 74 24 38 48 83 c4 20 5f c3 cc cc cc cc cc cc
0x00007ffacfa31780:   48 89 5c 24 08 48 89 74 24 10 57 48 83 ec 20 8b
0x00007ffacfa31790:   81 88 00 00 00 48 8d 99 d8 fc ff ff 05 55 21 ff
0x00007ffacfa317a0:   ff 49 8b f1 49 8b f8 83 f8 01 76 0a 48 8b cb e8
0x00007ffacfa317b0:   cc bd fd ff 33 db c7 83 98 03 00 00 05 00 00 00
0x00007ffacfa317c0:   e8 2b b0 eb ff 48 8b 03 48 8b cb ff 50 38 84 c0
0x00007ffacfa317d0:   74 0e 48 8b 83 10 01 00 00 c0 e8 03 24 01 eb 0b
0x00007ffacfa317e0:   8b 05 2a af 33 00 85 c0 0f 95 c0 84 c0 75 0d 8b 


Stack slot to memory mapping:
stack at sp + 0 slots: 0x000000e73b6fedd0 is pointing into the stack for thread: 0x00000279c71ee200
stack at sp + 1 slots: 0x000000e73b6fed88 is pointing into the stack for thread: 0x00000279c71ee200
stack at sp + 2 slots: 0x000000e73b6fed88 is pointing into the stack for thread: 0x00000279c71ee200
stack at sp + 3 slots: 0x00000279a2ed598c is at code_begin+620 in an Interpreter codelet
method entry point (kind = native)  [0x00000279a2ed5720, 0x00000279a2ed6a00]  4832 bytes
stack at sp + 4 slots: 0x00000279a2eccda0 is at code_begin+7584 in an Interpreter codelet
invoke return entry points  [0x00000279a2ecb000, 0x00000279a2ecd0c0]  8384 bytes
stack at sp + 5 slots: 0x00000279a2ed5f02 is at code_begin+2018 in an Interpreter codelet
method entry point (kind = native)  [0x00000279a2ed5720, 0x00000279a2ed6a00]  4832 bytes
stack at sp + 6 slots: {method} {0x00000008000a3af8} 'getLong' '(Ljava/lang/Object;J)J' in 'jdk/internal/misc/Unsafe'
stack at sp + 7 slots: 0x0 is NULL


---------------  P R O C E S S  ---------------

Threads class SMR info:
_java_thread_list=0x00000279cca0f150, length=36, elements={
0x000002799aca1cb0, 0x00000279be1b4a10, 0x00000279be1b9410, 0x00000279be1d1dd0,
0x00000279be1d36a0, 0x00000279be1d4700, 0x00000279be1d6300, 0x00000279be1d9470,
0x00000279be1dd520, 0x00000279bea90130, 0x00000279bebe3870, 0x00000279bec0ecf0,
0x00000279bebdfae0, 0x00000279bf06d210, 0x00000279bf8bf7f0, 0x00000279bf8bfcc0,
0x00000279bf8c03b0, 0x00000279bf4f72a0, 0x00000279bf63dc70, 0x00000279bf63f480,
0x00000279bf63eae0, 0x00000279bf63ce00, 0x00000279bf63f950, 0x00000279bf63d2d0,
0x00000279bf63fe20, 0x00000279bf63d7a0, 0x00000279bf63e610, 0x00000279c71ee200,
0x00000279c71ebb80, 0x00000279c71ec520, 0x00000279c71ea840, 0x00000279c71eb6b0,
0x00000279c71ec050, 0x00000279c71ed860, 0x00000279c3de8d50, 0x00000279c3924cd0
}

Java Threads: ( => current thread )
  0x000002799aca1cb0 JavaThread "main" [_thread_blocked, id=15980, stack(0x000000e738800000,0x000000e738900000)]
  0x00000279be1b4a10 JavaThread "Reference Handler" daemon [_thread_blocked, id=7904, stack(0x000000e738f00000,0x000000e739000000)]
  0x00000279be1b9410 JavaThread "Finalizer" daemon [_thread_blocked, id=4780, stack(0x000000e739000000,0x000000e739100000)]
  0x00000279be1d1dd0 JavaThread "Signal Dispatcher" daemon [_thread_blocked, id=2152, stack(0x000000e739100000,0x000000e739200000)]
  0x00000279be1d36a0 JavaThread "Attach Listener" daemon [_thread_blocked, id=2620, stack(0x000000e739200000,0x000000e739300000)]
  0x00000279be1d4700 JavaThread "Service Thread" daemon [_thread_blocked, id=9700, stack(0x000000e739300000,0x000000e739400000)]
  0x00000279be1d6300 JavaThread "C2 CompilerThread0" daemon [_thread_in_native, id=10912, stack(0x000000e739400000,0x000000e739500000)]
  0x00000279be1d9470 JavaThread "C1 CompilerThread0" daemon [_thread_blocked, id=15096, stack(0x000000e739500000,0x000000e739600000)]
  0x00000279be1dd520 JavaThread "Sweeper thread" daemon [_thread_blocked, id=4904, stack(0x000000e739600000,0x000000e739700000)]
  0x00000279bea90130 JavaThread "Common-Cleaner" daemon [_thread_blocked, id=10228, stack(0x000000e739700000,0x000000e739800000)]
  0x00000279bebe3870 JavaThread "JDWP Transport Listener: dt_socket" daemon [_thread_blocked, id=8212, stack(0x000000e739800000,0x000000e739900000)]
  0x00000279bec0ecf0 JavaThread "JDWP Event Helper Thread" daemon [_thread_blocked, id=10100, stack(0x000000e739900000,0x000000e739a00000)]
  0x00000279bebdfae0 JavaThread "JDWP Command Reader" daemon [_thread_in_native, id=15636, stack(0x000000e739a00000,0x000000e739b00000)]
  0x00000279bf06d210 JavaThread "Notification Thread" daemon [_thread_blocked, id=4824, stack(0x000000e739d00000,0x000000e739e00000)]
  0x00000279bf8bf7f0 JavaThread "Java2D Disposer" daemon [_thread_blocked, id=2388, stack(0x000000e73a400000,0x000000e73a500000)]
  0x00000279bf8bfcc0 JavaThread "AWT-Shutdown" [_thread_blocked, id=15792, stack(0x000000e73a500000,0x000000e73a600000)]
  0x00000279bf8c03b0 JavaThread "AWT-Windows" daemon [_thread_in_native, id=9320, stack(0x000000e73a600000,0x000000e73a700000)]
  0x00000279bf4f72a0 JavaThread "AWT-EventQueue-0" [_thread_in_Java, id=13504, stack(0x000000e73a700000,0x000000e73a800000)]
  0x00000279bf63dc70 JavaThread "TimerQueue" daemon [_thread_blocked, id=14696, stack(0x000000e739c00000,0x000000e739d00000)]
  0x00000279bf63f480 JavaThread "OkHttp ConnectionPool" daemon [_thread_blocked, id=13412, stack(0x000000e73ab00000,0x000000e73ac00000)]
  0x00000279bf63eae0 JavaThread "Okio Watchdog" daemon [_thread_blocked, id=7160, stack(0x000000e73ac00000,0x000000e73ad00000)]
  0x00000279bf63ce00 JavaThread "pool-1-thread-1" [_thread_blocked, id=14940, stack(0x000000e73b000000,0x000000e73b100000)]
  0x00000279bf63f950 JavaThread "pool-2-thread-1" [_thread_blocked, id=8276, stack(0x000000e739b00000,0x000000e739c00000)]
  0x00000279bf63d2d0 JavaThread "OkHttp api.runelite.net" [_thread_in_native, id=12772, stack(0x000000e73a800000,0x000000e73a900000)]
  0x00000279bf63fe20 JavaThread "OkHttp Http2Connection" daemon [_thread_blocked, id=3112, stack(0x000000e73b200000,0x000000e73b300000)]
  0x00000279bf63d7a0 JavaThread "OkHttp Http2Connection" daemon [_thread_blocked, id=15140, stack(0x000000e73b300000,0x000000e73b400000)]
  0x00000279bf63e610 JavaThread "Thread-1" daemon [_thread_blocked, id=16948, stack(0x000000e73b500000,0x000000e73b600000)]
=>0x00000279c71ee200 JavaThread "Client" daemon [_thread_in_vm, id=1360, stack(0x000000e73b600000,0x000000e73b700000)]
  0x00000279c71ebb80 JavaThread "Thread-3" daemon [_thread_blocked, id=13632, stack(0x000000e73b700000,0x000000e73b800000)]
  0x00000279c71ec520 JavaThread "Thread-5" daemon [_thread_blocked, id=11492, stack(0x000000e73ba00000,0x000000e73bb00000)]
  0x00000279c71ea840 JavaThread "Trident callback thread" daemon [_thread_blocked, id=6968, stack(0x000000e73bb00000,0x000000e73bc00000)]
  0x00000279c71eb6b0 JavaThread "Trident pulse source thread" daemon [_thread_blocked, id=6116, stack(0x000000e73bc00000,0x000000e73bd00000)]
  0x00000279c71ec050 JavaThread "Thread-8" daemon [_thread_blocked, id=11576, stack(0x000000e73bd00000,0x000000e73be00000)]
  0x00000279c71ed860 JavaThread "Java Sound Event Dispatcher" daemon [_thread_blocked, id=5676, stack(0x000000e73c200000,0x000000e73c300000)]
  0x00000279c3de8d50 JavaThread "pool-4-thread-1" [_thread_blocked, id=4932, stack(0x000000e73c600000,0x000000e73c700000)]
  0x00000279c3924cd0 JavaThread "Thread-9" daemon [_thread_blocked, id=4752, stack(0x000000e73c900000,0x000000e73ca00000)]

Other Threads:
  0x00000279be1b33d0 VMThread "VM Thread" [stack: 0x000000e738e00000,0x000000e738f00000] [id=12700]
  0x000002799aca2bf0 WatcherThread [stack: 0x000000e739e00000,0x000000e739f00000] [id=14808]
  0x000002799acf1a60 GCTaskThread "GC Thread#0" [stack: 0x000000e738900000,0x000000e738a00000] [id=16768]
  0x00000279bf29bac0 GCTaskThread "GC Thread#1" [stack: 0x000000e739f00000,0x000000e73a000000] [id=10524]
  0x00000279bf29ddd0 GCTaskThread "GC Thread#2" [stack: 0x000000e73a000000,0x000000e73a100000] [id=6560]
  0x00000279bf29c120 GCTaskThread "GC Thread#3" [stack: 0x000000e73a100000,0x000000e73a200000] [id=744]
  0x00000279bf29e430 GCTaskThread "GC Thread#4" [stack: 0x000000e73a200000,0x000000e73a300000] [id=13328]
  0x00000279bf29b130 GCTaskThread "GC Thread#5" [stack: 0x000000e73a300000,0x000000e73a400000] [id=1144]
  0x00000279bf29c450 GCTaskThread "GC Thread#6" [stack: 0x000000e73ad00000,0x000000e73ae00000] [id=8864]
  0x00000279bf29daa0 GCTaskThread "GC Thread#7" [stack: 0x000000e73ae00000,0x000000e73af00000] [id=5792]
  0x000002799ad035a0 ConcurrentGCThread "G1 Main Marker" [stack: 0x000000e738a00000,0x000000e738b00000] [id=12468]
  0x000002799ad03fa0 ConcurrentGCThread "G1 Conc#0" [stack: 0x000000e738b00000,0x000000e738c00000] [id=8612]
  0x00000279bf29cab0 ConcurrentGCThread "G1 Conc#1" [stack: 0x000000e73af00000,0x000000e73b000000] [id=1548]
  0x00000279be0ae140 ConcurrentGCThread "G1 Refine#0" [stack: 0x000000e738c00000,0x000000e738d00000] [id=1776]
  0x00000279bf49a930 ConcurrentGCThread "G1 Refine#1" [stack: 0x000000e73bf00000,0x000000e73c000000] [id=8852]
  0x00000279be0ae9f0 ConcurrentGCThread "G1 Young RemSet Sampling" [stack: 0x000000e738d00000,0x000000e738e00000] [id=8080]

Threads with active compile tasks:
C2 CompilerThread0    46945 7205       4       com.google.common.collect.ImmutableMultimap$Builder::putAll (92 bytes)
C1 CompilerThread0    46945 7207       3       org.pushingpixels.trident.Timeline$Chain::onTimelineStateChanged (140 bytes)

VM state: not at safepoint (normal execution)

VM Mutex/Monitor currently owned by a thread:  ([mutex/lock_event])
[0x000002799ac9db70] Compile_lock - owner thread: 0x00000279be1d9470

Heap address: 0x0000000704200000, size: 4030 MB, Compressed Oops mode: Zero based, Oop shift amount: 3
CDS archive(s) mapped at: [0x0000000800000000-0x0000000800b50000-0x0000000800b50000), size 11862016, SharedBaseAddress: 0x0000000800000000, ArchiveRelocationMode: 0.
Compressed class space mapped at: 0x0000000800b50000-0x0000000840b50000, size: 1073741824
Narrow klass base: 0x0000000800000000, Narrow klass shift: 3, Narrow klass range: 0x100000000

GC Precious Log:
 CPUs: 8 total, 8 available
 Memory: 16118M
 Large Page Support: Disabled
 NUMA Support: Disabled
 Compressed Oops: Enabled (Zero based)
 Heap Region Size: 2M
 Heap Min Capacity: 8M
 Heap Initial Capacity: 252M
 Heap Max Capacity: 4030M
 Pre-touch: Disabled
 Parallel Workers: 8
 Concurrent Workers: 2
 Concurrent Refinement Workers: 8
 Periodic GC: Disabled

Heap:
 garbage-first heap   total 360448K, used 161694K [0x0000000704200000, 0x0000000800000000)
  region size 2048K, 21 young (43008K), 4 survivors (8192K)
 Metaspace       used 54547K, capacity 55010K, committed 55168K, reserved 1097728K
  class space    used 5770K, capacity 5934K, committed 6016K, reserved 1048576K

Heap Regions: E=young(eden), S=young(survivor), O=old, HS=humongous(starts), HC=humongous(continues), CS=collection set, F=free, OA=open archive, CA=closed archive, TAMS=top-at-mark-start (previous, next)
|   0|0x0000000704200000, 0x0000000704400000, 0x0000000704400000|100%|HS|  |TAMS 0x0000000704400000, 0x0000000704200000| Complete 
|   1|0x0000000704400000, 0x0000000704600000, 0x0000000704600000|100%| O|  |TAMS 0x0000000704600000, 0x0000000704400000| Untracked 
|   2|0x0000000704600000, 0x0000000704800000, 0x0000000704800000|100%| O|  |TAMS 0x0000000704800000, 0x0000000704600000| Untracked 
|   3|0x0000000704800000, 0x0000000704a00000, 0x0000000704a00000|100%| O|  |TAMS 0x0000000704a00000, 0x0000000704800000| Untracked 
|   4|0x0000000704a00000, 0x0000000704c00000, 0x0000000704c00000|100%| O|  |TAMS 0x0000000704c00000, 0x0000000704a00000| Untracked 
|   5|0x0000000704c00000, 0x0000000704e00000, 0x0000000704e00000|100%|HS|  |TAMS 0x0000000704e00000, 0x0000000704c00000| Complete 
|   6|0x0000000704e00000, 0x0000000705000000, 0x0000000705000000|100%| O|  |TAMS 0x0000000705000000, 0x0000000704e00000| Untracked 
|   7|0x0000000705000000, 0x0000000705200000, 0x0000000705200000|100%| O|  |TAMS 0x0000000705200000, 0x0000000705000000| Untracked 
|   8|0x0000000705200000, 0x0000000705400000, 0x0000000705400000|100%| O|  |TAMS 0x0000000705400000, 0x0000000705200000| Untracked 
|   9|0x0000000705400000, 0x0000000705600000, 0x0000000705600000|100%| O|  |TAMS 0x0000000705600000, 0x0000000705400000| Untracked 
|  10|0x0000000705600000, 0x0000000705800000, 0x0000000705800000|100%| O|  |TAMS 0x0000000705800000, 0x0000000705600000| Untracked 
|  11|0x0000000705800000, 0x0000000705a00000, 0x0000000705a00000|100%| O|  |TAMS 0x0000000705a00000, 0x0000000705800000| Untracked 
|  12|0x0000000705a00000, 0x0000000705c00000, 0x0000000705c00000|100%| O|  |TAMS 0x0000000705a00000, 0x0000000705a00000| Untracked 
|  13|0x0000000705c00000, 0x0000000705e00000, 0x0000000705e00000|100%| O|  |TAMS 0x0000000705e00000, 0x0000000705c00000| Untracked 
|  14|0x0000000705e00000, 0x0000000706000000, 0x0000000706000000|100%| O|  |TAMS 0x0000000706000000, 0x0000000705e00000| Untracked 
|  15|0x0000000706000000, 0x0000000706200000, 0x0000000706200000|100%| O|  |TAMS 0x0000000706200000, 0x0000000706000000| Untracked 
|  16|0x0000000706200000, 0x0000000706400000, 0x0000000706400000|100%| O|  |TAMS 0x0000000706400000, 0x0000000706200000| Untracked 
|  17|0x0000000706400000, 0x0000000706600000, 0x0000000706600000|100%| O|  |TAMS 0x0000000706600000, 0x0000000706400000| Untracked 
|  18|0x0000000706600000, 0x0000000706800000, 0x0000000706800000|100%| O|  |TAMS 0x0000000706800000, 0x0000000706600000| Untracked 
|  19|0x0000000706800000, 0x0000000706a00000, 0x0000000706a00000|100%|HS|  |TAMS 0x0000000706a00000, 0x0000000706800000| Complete 
|  20|0x0000000706a00000, 0x0000000706c00000, 0x0000000706c00000|100%|HC|  |TAMS 0x0000000706c00000, 0x0000000706a00000| Complete 
|  21|0x0000000706c00000, 0x0000000706e00000, 0x0000000706e00000|100%|HC|  |TAMS 0x0000000706e00000, 0x0000000706c00000| Complete 
|  22|0x0000000706e00000, 0x0000000707000000, 0x0000000707000000|100%| O|  |TAMS 0x0000000707000000, 0x0000000706e00000| Untracked 
|  23|0x0000000707000000, 0x0000000707200000, 0x0000000707200000|100%| O|  |TAMS 0x0000000707200000, 0x0000000707000000| Untracked 
|  24|0x0000000707200000, 0x0000000707400000, 0x0000000707400000|100%| O|  |TAMS 0x0000000707400000, 0x0000000707200000| Untracked 
|  25|0x0000000707400000, 0x0000000707600000, 0x0000000707600000|100%| O|  |TAMS 0x0000000707600000, 0x0000000707400000| Untracked 
|  26|0x0000000707600000, 0x0000000707800000, 0x0000000707800000|100%| O|  |TAMS 0x0000000707600000, 0x0000000707600000| Untracked 
|  27|0x0000000707800000, 0x0000000707a00000, 0x0000000707a00000|100%| O|  |TAMS 0x0000000707800000, 0x0000000707800000| Untracked 
|  28|0x0000000707a00000, 0x0000000707c00000, 0x0000000707c00000|100%| O|  |TAMS 0x0000000707a00000, 0x0000000707a00000| Untracked 
|  29|0x0000000707c00000, 0x0000000707e00000, 0x0000000707e00000|100%| O|  |TAMS 0x0000000707c00000, 0x0000000707c00000| Untracked 
|  30|0x0000000707e00000, 0x0000000708000000, 0x0000000708000000|100%| O|  |TAMS 0x0000000707e00000, 0x0000000707e00000| Untracked 
|  31|0x0000000708000000, 0x0000000708200000, 0x0000000708200000|100%| O|  |TAMS 0x0000000708000000, 0x0000000708000000| Untracked 
|  32|0x0000000708200000, 0x0000000708400000, 0x0000000708400000|100%| O|  |TAMS 0x0000000708200000, 0x0000000708200000| Untracked 
|  33|0x0000000708400000, 0x0000000708600000, 0x0000000708600000|100%| O|  |TAMS 0x0000000708400000, 0x0000000708400000| Untracked 
|  34|0x0000000708600000, 0x0000000708800000, 0x0000000708800000|100%| O|  |TAMS 0x0000000708600000, 0x0000000708600000| Untracked 
|  35|0x0000000708800000, 0x0000000708a00000, 0x0000000708a00000|100%| O|  |TAMS 0x0000000708800000, 0x0000000708800000| Untracked 
|  36|0x0000000708a00000, 0x0000000708c00000, 0x0000000708c00000|100%| O|  |TAMS 0x0000000708a00000, 0x0000000708a00000| Untracked 
|  37|0x0000000708c00000, 0x0000000708e00000, 0x0000000708e00000|100%| O|  |TAMS 0x0000000708c00000, 0x0000000708c00000| Untracked 
|  38|0x0000000708e00000, 0x0000000709000000, 0x0000000709000000|100%| O|  |TAMS 0x0000000708e00000, 0x0000000708e00000| Untracked 
|  39|0x0000000709000000, 0x0000000709200000, 0x0000000709200000|100%| O|  |TAMS 0x0000000709000000, 0x0000000709000000| Untracked 
|  40|0x0000000709200000, 0x0000000709319000, 0x0000000709400000| 54%| O|  |TAMS 0x0000000709200000, 0x0000000709200000| Untracked 
|  41|0x0000000709400000, 0x0000000709600000, 0x0000000709600000|100%|HS|  |TAMS 0x0000000709400000, 0x0000000709400000| Complete 
|  42|0x0000000709600000, 0x0000000709800000, 0x0000000709800000|100%|HC|  |TAMS 0x0000000709600000, 0x0000000709600000| Complete 
|  43|0x0000000709800000, 0x0000000709a00000, 0x0000000709a00000|100%|HC|  |TAMS 0x0000000709800000, 0x0000000709800000| Complete 
|  44|0x0000000709a00000, 0x0000000709a00000, 0x0000000709c00000|  0%| F|  |TAMS 0x0000000709a00000, 0x0000000709a00000| Untracked 
|  45|0x0000000709c00000, 0x0000000709c00000, 0x0000000709e00000|  0%| F|  |TAMS 0x0000000709c00000, 0x0000000709c00000| Untracked 
|  46|0x0000000709e00000, 0x000000070a000000, 0x000000070a000000|100%| O|  |TAMS 0x000000070a000000, 0x0000000709e00000| Untracked 
|  47|0x000000070a000000, 0x000000070a200000, 0x000000070a200000|100%| O|  |TAMS 0x000000070a000000, 0x000000070a000000| Untracked 
|  48|0x000000070a200000, 0x000000070a400000, 0x000000070a400000|100%| O|  |TAMS 0x000000070a200000, 0x000000070a200000| Untracked 
|  49|0x000000070a400000, 0x000000070a600000, 0x000000070a600000|100%| O|  |TAMS 0x000000070a400000, 0x000000070a400000| Untracked 
|  50|0x000000070a600000, 0x000000070a800000, 0x000000070a800000|100%| O|  |TAMS 0x000000070a600000, 0x000000070a600000| Untracked 
|  51|0x000000070a800000, 0x000000070aa00000, 0x000000070aa00000|100%| O|  |TAMS 0x000000070a800000, 0x000000070a800000| Untracked 
|  52|0x000000070aa00000, 0x000000070ac00000, 0x000000070ac00000|100%| O|  |TAMS 0x000000070aa00000, 0x000000070aa00000| Untracked 
|  53|0x000000070ac00000, 0x000000070ae00000, 0x000000070ae00000|100%| O|  |TAMS 0x000000070ac00000, 0x000000070ac00000| Untracked 
|  54|0x000000070ae00000, 0x000000070b000000, 0x000000070b000000|100%| O|  |TAMS 0x000000070ae00000, 0x000000070ae00000| Untracked 
|  55|0x000000070b000000, 0x000000070b200000, 0x000000070b200000|100%| O|  |TAMS 0x000000070b000000, 0x000000070b000000| Untracked 
|  56|0x000000070b200000, 0x000000070b400000, 0x000000070b400000|100%| O|  |TAMS 0x000000070b200000, 0x000000070b200000| Untracked 
|  57|0x000000070b400000, 0x000000070b600000, 0x000000070b600000|100%| O|  |TAMS 0x000000070b400000, 0x000000070b400000| Untracked 
|  58|0x000000070b600000, 0x000000070b800000, 0x000000070b800000|100%| O|  |TAMS 0x000000070b600000, 0x000000070b600000| Untracked 
|  59|0x000000070b800000, 0x000000070ba00000, 0x000000070ba00000|100%| O|  |TAMS 0x000000070b800000, 0x000000070b800000| Untracked 
|  60|0x000000070ba00000, 0x000000070bc00000, 0x000000070bc00000|100%| O|  |TAMS 0x000000070ba00000, 0x000000070ba00000| Untracked 
|  61|0x000000070bc00000, 0x000000070be00000, 0x000000070be00000|100%| O|  |TAMS 0x000000070bc00000, 0x000000070bc00000| Untracked 
|  62|0x000000070be00000, 0x000000070c000000, 0x000000070c000000|100%| O|  |TAMS 0x000000070be00000, 0x000000070be00000| Untracked 
|  63|0x000000070c000000, 0x000000070c000000, 0x000000070c200000|  0%| F|  |TAMS 0x000000070c000000, 0x000000070c000000| Untracked 
|  64|0x000000070c200000, 0x000000070c200000, 0x000000070c400000|  0%| F|  |TAMS 0x000000070c200000, 0x000000070c200000| Untracked 
|  65|0x000000070c400000, 0x000000070c400000, 0x000000070c600000|  0%| F|  |TAMS 0x000000070c400000, 0x000000070c400000| Untracked 
|  66|0x000000070c600000, 0x000000070c600000, 0x000000070c800000|  0%| F|  |TAMS 0x000000070c600000, 0x000000070c600000| Untracked 
|  67|0x000000070c800000, 0x000000070c800000, 0x000000070ca00000|  0%| F|  |TAMS 0x000000070c800000, 0x000000070c800000| Untracked 
|  68|0x000000070ca00000, 0x000000070ca00000, 0x000000070cc00000|  0%| F|  |TAMS 0x000000070ca00000, 0x000000070ca00000| Untracked 
|  69|0x000000070cc00000, 0x000000070cc00000, 0x000000070ce00000|  0%| F|  |TAMS 0x000000070cc00000, 0x000000070cc00000| Untracked 
|  70|0x000000070ce00000, 0x000000070ce00000, 0x000000070d000000|  0%| F|  |TAMS 0x000000070ce00000, 0x000000070ce00000| Untracked 
|  71|0x000000070d000000, 0x000000070d000000, 0x000000070d200000|  0%| F|  |TAMS 0x000000070d000000, 0x000000070d000000| Untracked 
|  72|0x000000070d200000, 0x000000070d200000, 0x000000070d400000|  0%| F|  |TAMS 0x000000070d200000, 0x000000070d200000| Untracked 
|  73|0x000000070d400000, 0x000000070d400000, 0x000000070d600000|  0%| F|  |TAMS 0x000000070d400000, 0x000000070d400000| Untracked 
|  74|0x000000070d600000, 0x000000070d600000, 0x000000070d800000|  0%| F|  |TAMS 0x000000070d600000, 0x000000070d600000| Untracked 
|  75|0x000000070d800000, 0x000000070d800000, 0x000000070da00000|  0%| F|  |TAMS 0x000000070d800000, 0x000000070d800000| Untracked 
|  76|0x000000070da00000, 0x000000070da00000, 0x000000070dc00000|  0%| F|  |TAMS 0x000000070da00000, 0x000000070da00000| Untracked 
|  77|0x000000070dc00000, 0x000000070dc00000, 0x000000070de00000|  0%| F|  |TAMS 0x000000070dc00000, 0x000000070dc00000| Untracked 
|  78|0x000000070de00000, 0x000000070de00000, 0x000000070e000000|  0%| F|  |TAMS 0x000000070de00000, 0x000000070de00000| Untracked 
|  79|0x000000070e000000, 0x000000070e000000, 0x000000070e200000|  0%| F|  |TAMS 0x000000070e000000, 0x000000070e000000| Untracked 
|  80|0x000000070e200000, 0x000000070e200000, 0x000000070e400000|  0%| F|  |TAMS 0x000000070e200000, 0x000000070e200000| Untracked 
|  81|0x000000070e400000, 0x000000070e400000, 0x000000070e600000|  0%| F|  |TAMS 0x000000070e400000, 0x000000070e400000| Untracked 
|  82|0x000000070e600000, 0x000000070e600000, 0x000000070e800000|  0%| F|  |TAMS 0x000000070e600000, 0x000000070e600000| Untracked 
|  83|0x000000070e800000, 0x000000070e800000, 0x000000070ea00000|  0%| F|  |TAMS 0x000000070e800000, 0x000000070e800000| Untracked 
|  84|0x000000070ea00000, 0x000000070ea00000, 0x000000070ec00000|  0%| F|  |TAMS 0x000000070ea00000, 0x000000070ea00000| Untracked 
|  85|0x000000070ec00000, 0x000000070ec00000, 0x000000070ee00000|  0%| F|  |TAMS 0x000000070ec00000, 0x000000070ec00000| Untracked 
|  86|0x000000070ee00000, 0x000000070ee00000, 0x000000070f000000|  0%| F|  |TAMS 0x000000070ee00000, 0x000000070ee00000| Untracked 
|  87|0x000000070f000000, 0x000000070f000000, 0x000000070f200000|  0%| F|  |TAMS 0x000000070f000000, 0x000000070f000000| Untracked 
|  88|0x000000070f200000, 0x000000070f200000, 0x000000070f400000|  0%| F|  |TAMS 0x000000070f200000, 0x000000070f200000| Untracked 
|  89|0x000000070f400000, 0x000000070f400000, 0x000000070f600000|  0%| F|  |TAMS 0x000000070f400000, 0x000000070f400000| Untracked 
|  90|0x000000070f600000, 0x000000070f600000, 0x000000070f800000|  0%| F|  |TAMS 0x000000070f600000, 0x000000070f600000| Untracked 
|  91|0x000000070f800000, 0x000000070f800000, 0x000000070fa00000|  0%| F|  |TAMS 0x000000070f800000, 0x000000070f800000| Untracked 
|  92|0x000000070fa00000, 0x000000070fa00000, 0x000000070fc00000|  0%| F|  |TAMS 0x000000070fa00000, 0x000000070fa00000| Untracked 
|  93|0x000000070fc00000, 0x000000070fc00000, 0x000000070fe00000|  0%| F|  |TAMS 0x000000070fc00000, 0x000000070fc00000| Untracked 
|  94|0x000000070fe00000, 0x000000070fe00000, 0x0000000710000000|  0%| F|  |TAMS 0x000000070fe00000, 0x000000070fe00000| Untracked 
|  95|0x0000000710000000, 0x0000000710000000, 0x0000000710200000|  0%| F|  |TAMS 0x0000000710000000, 0x0000000710000000| Untracked 
|  96|0x0000000710200000, 0x0000000710200000, 0x0000000710400000|  0%| F|  |TAMS 0x0000000710200000, 0x0000000710200000| Untracked 
|  97|0x0000000710400000, 0x0000000710400000, 0x0000000710600000|  0%| F|  |TAMS 0x0000000710400000, 0x0000000710400000| Untracked 
|  98|0x0000000710600000, 0x0000000710600000, 0x0000000710800000|  0%| F|  |TAMS 0x0000000710600000, 0x0000000710600000| Untracked 
|  99|0x0000000710800000, 0x0000000710800000, 0x0000000710a00000|  0%| F|  |TAMS 0x0000000710800000, 0x0000000710800000| Untracked 
| 100|0x0000000710a00000, 0x0000000710a00000, 0x0000000710c00000|  0%| F|  |TAMS 0x0000000710a00000, 0x0000000710a00000| Untracked 
| 101|0x0000000710c00000, 0x0000000710c00000, 0x0000000710e00000|  0%| F|  |TAMS 0x0000000710c00000, 0x0000000710c00000| Untracked 
| 102|0x0000000710e00000, 0x0000000710ece9a0, 0x0000000711000000| 40%| S|CS|TAMS 0x0000000710e00000, 0x0000000710e00000| Complete 
| 103|0x0000000711000000, 0x0000000711200000, 0x0000000711200000|100%| S|CS|TAMS 0x0000000711000000, 0x0000000711000000| Complete 
| 104|0x0000000711200000, 0x0000000711400000, 0x0000000711400000|100%| S|CS|TAMS 0x0000000711200000, 0x0000000711200000| Complete 
| 105|0x0000000711400000, 0x0000000711600000, 0x0000000711600000|100%| S|CS|TAMS 0x0000000711400000, 0x0000000711400000| Complete 
| 106|0x0000000711600000, 0x0000000711600000, 0x0000000711800000|  0%| F|  |TAMS 0x0000000711600000, 0x0000000711600000| Untracked 
| 107|0x0000000711800000, 0x0000000711800000, 0x0000000711a00000|  0%| F|  |TAMS 0x0000000711800000, 0x0000000711800000| Untracked 
| 108|0x0000000711a00000, 0x0000000711a00000, 0x0000000711c00000|  0%| F|  |TAMS 0x0000000711a00000, 0x0000000711a00000| Untracked 
| 109|0x0000000711c00000, 0x0000000711c00000, 0x0000000711e00000|  0%| F|  |TAMS 0x0000000711c00000, 0x0000000711c00000| Untracked 
| 110|0x0000000711e00000, 0x0000000711e00000, 0x0000000712000000|  0%| F|  |TAMS 0x0000000711e00000, 0x0000000711e00000| Untracked 
| 111|0x0000000712000000, 0x0000000712000000, 0x0000000712200000|  0%| F|  |TAMS 0x0000000712000000, 0x0000000712000000| Untracked 
| 112|0x0000000712200000, 0x0000000712200000, 0x0000000712400000|  0%| F|  |TAMS 0x0000000712200000, 0x0000000712200000| Untracked 
| 113|0x0000000712400000, 0x0000000712400000, 0x0000000712600000|  0%| F|  |TAMS 0x0000000712400000, 0x0000000712400000| Untracked 
| 114|0x0000000712600000, 0x0000000712600000, 0x0000000712800000|  0%| F|  |TAMS 0x0000000712600000, 0x0000000712600000| Untracked 
| 115|0x0000000712800000, 0x0000000712800000, 0x0000000712a00000|  0%| F|  |TAMS 0x0000000712800000, 0x0000000712800000| Untracked 
| 116|0x0000000712a00000, 0x0000000712a00000, 0x0000000712c00000|  0%| F|  |TAMS 0x0000000712a00000, 0x0000000712a00000| Untracked 
| 117|0x0000000712c00000, 0x0000000712c00000, 0x0000000712e00000|  0%| F|  |TAMS 0x0000000712c00000, 0x0000000712c00000| Untracked 
| 118|0x0000000712e00000, 0x0000000712e00000, 0x0000000713000000|  0%| F|  |TAMS 0x0000000712e00000, 0x0000000712e00000| Untracked 
| 119|0x0000000713000000, 0x0000000713000000, 0x0000000713200000|  0%| F|  |TAMS 0x0000000713000000, 0x0000000713000000| Untracked 
| 120|0x0000000713200000, 0x0000000713200000, 0x0000000713400000|  0%| F|  |TAMS 0x0000000713200000, 0x0000000713200000| Untracked 
| 121|0x0000000713400000, 0x0000000713400000, 0x0000000713600000|  0%| F|  |TAMS 0x0000000713400000, 0x0000000713400000| Untracked 
| 122|0x0000000713600000, 0x0000000713600000, 0x0000000713800000|  0%| F|  |TAMS 0x0000000713600000, 0x0000000713600000| Untracked 
| 123|0x0000000713800000, 0x0000000713800000, 0x0000000713a00000|  0%| F|  |TAMS 0x0000000713800000, 0x0000000713800000| Untracked 
| 124|0x0000000713a00000, 0x0000000713a00000, 0x0000000713c00000|  0%| F|  |TAMS 0x0000000713a00000, 0x0000000713a00000| Untracked 
| 125|0x0000000713c00000, 0x0000000713c00000, 0x0000000713e00000|  0%| F|  |TAMS 0x0000000713c00000, 0x0000000713c00000| Untracked 
| 126|0x0000000713e00000, 0x0000000713e00000, 0x0000000714000000|  0%| F|  |TAMS 0x0000000713e00000, 0x0000000713e00000| Untracked 
| 127|0x0000000714000000, 0x0000000714000000, 0x0000000714200000|  0%| F|  |TAMS 0x0000000714000000, 0x0000000714000000| Untracked 
| 128|0x0000000714200000, 0x0000000714200000, 0x0000000714400000|  0%| F|  |TAMS 0x0000000714200000, 0x0000000714200000| Untracked 
| 129|0x0000000714400000, 0x0000000714400000, 0x0000000714600000|  0%| F|  |TAMS 0x0000000714400000, 0x0000000714400000| Untracked 
| 130|0x0000000714600000, 0x0000000714600000, 0x0000000714800000|  0%| F|  |TAMS 0x0000000714600000, 0x0000000714600000| Untracked 
| 131|0x0000000714800000, 0x0000000714800000, 0x0000000714a00000|  0%| F|  |TAMS 0x0000000714800000, 0x0000000714800000| Untracked 
| 132|0x0000000714a00000, 0x0000000714a00000, 0x0000000714c00000|  0%| F|  |TAMS 0x0000000714a00000, 0x0000000714a00000| Untracked 
| 133|0x0000000714c00000, 0x0000000714c00000, 0x0000000714e00000|  0%| F|  |TAMS 0x0000000714c00000, 0x0000000714c00000| Untracked 
| 134|0x0000000714e00000, 0x0000000714e00000, 0x0000000715000000|  0%| F|  |TAMS 0x0000000714e00000, 0x0000000714e00000| Untracked 
| 135|0x0000000715000000, 0x0000000715000000, 0x0000000715200000|  0%| F|  |TAMS 0x0000000715000000, 0x0000000715000000| Untracked 
| 136|0x0000000715200000, 0x0000000715200000, 0x0000000715400000|  0%| F|  |TAMS 0x0000000715200000, 0x0000000715200000| Untracked 
| 137|0x0000000715400000, 0x0000000715400000, 0x0000000715600000|  0%| F|  |TAMS 0x0000000715400000, 0x0000000715400000| Untracked 
| 138|0x0000000715600000, 0x0000000715600000, 0x0000000715800000|  0%| F|  |TAMS 0x0000000715600000, 0x0000000715600000| Untracked 
| 139|0x0000000715800000, 0x0000000715800000, 0x0000000715a00000|  0%| F|  |TAMS 0x0000000715800000, 0x0000000715800000| Untracked 
| 140|0x0000000715a00000, 0x0000000715a00000, 0x0000000715c00000|  0%| F|  |TAMS 0x0000000715a00000, 0x0000000715a00000| Untracked 
| 141|0x0000000715c00000, 0x0000000715c00000, 0x0000000715e00000|  0%| F|  |TAMS 0x0000000715c00000, 0x0000000715c00000| Untracked 
| 142|0x0000000715e00000, 0x0000000715e00000, 0x0000000716000000|  0%| F|  |TAMS 0x0000000715e00000, 0x0000000715e00000| Untracked 
| 143|0x0000000716000000, 0x0000000716000000, 0x0000000716200000|  0%| F|  |TAMS 0x0000000716000000, 0x0000000716000000| Untracked 
| 144|0x0000000716200000, 0x0000000716200000, 0x0000000716400000|  0%| F|  |TAMS 0x0000000716200000, 0x0000000716200000| Untracked 
| 145|0x0000000716400000, 0x0000000716400000, 0x0000000716600000|  0%| F|  |TAMS 0x0000000716400000, 0x0000000716400000| Untracked 
| 146|0x0000000716600000, 0x0000000716600000, 0x0000000716800000|  0%| F|  |TAMS 0x0000000716600000, 0x0000000716600000| Untracked 
| 147|0x0000000716800000, 0x0000000716800000, 0x0000000716a00000|  0%| F|  |TAMS 0x0000000716800000, 0x0000000716800000| Untracked 
| 148|0x0000000716a00000, 0x0000000716a00000, 0x0000000716c00000|  0%| F|  |TAMS 0x0000000716a00000, 0x0000000716a00000| Untracked 
| 149|0x0000000716c00000, 0x0000000716c00000, 0x0000000716e00000|  0%| F|  |TAMS 0x0000000716c00000, 0x0000000716c00000| Untracked 
| 150|0x0000000716e00000, 0x0000000716e00000, 0x0000000717000000|  0%| F|  |TAMS 0x0000000716e00000, 0x0000000716e00000| Untracked 
| 151|0x0000000717000000, 0x0000000717000000, 0x0000000717200000|  0%| F|  |TAMS 0x0000000717000000, 0x0000000717000000| Untracked 
| 152|0x0000000717200000, 0x0000000717200000, 0x0000000717400000|  0%| F|  |TAMS 0x0000000717200000, 0x0000000717200000| Untracked 
| 153|0x0000000717400000, 0x0000000717400000, 0x0000000717600000|  0%| F|  |TAMS 0x0000000717400000, 0x0000000717400000| Untracked 
| 154|0x0000000717600000, 0x0000000717600000, 0x0000000717800000|  0%| F|  |TAMS 0x0000000717600000, 0x0000000717600000| Untracked 
| 155|0x0000000717800000, 0x0000000717800000, 0x0000000717a00000|  0%| F|  |TAMS 0x0000000717800000, 0x0000000717800000| Untracked 
| 156|0x0000000717a00000, 0x0000000717a00000, 0x0000000717c00000|  0%| F|  |TAMS 0x0000000717a00000, 0x0000000717a00000| Untracked 
| 157|0x0000000717c00000, 0x0000000717c00000, 0x0000000717e00000|  0%| F|  |TAMS 0x0000000717c00000, 0x0000000717c00000| Untracked 
| 158|0x0000000717e00000, 0x0000000717f00800, 0x0000000718000000| 50%| E|  |TAMS 0x0000000717e00000, 0x0000000717e00000| Complete 
| 159|0x0000000718000000, 0x0000000718200000, 0x0000000718200000|100%| E|CS|TAMS 0x0000000718000000, 0x0000000718000000| Complete 
| 160|0x0000000718200000, 0x0000000718400000, 0x0000000718400000|100%| E|CS|TAMS 0x0000000718200000, 0x0000000718200000| Complete 
| 161|0x0000000718400000, 0x0000000718600000, 0x0000000718600000|100%| E|CS|TAMS 0x0000000718400000, 0x0000000718400000| Complete 
| 162|0x0000000718600000, 0x0000000718800000, 0x0000000718800000|100%| E|CS|TAMS 0x0000000718600000, 0x0000000718600000| Complete 
| 163|0x0000000718800000, 0x0000000718a00000, 0x0000000718a00000|100%| E|CS|TAMS 0x0000000718800000, 0x0000000718800000| Complete 
| 164|0x0000000718a00000, 0x0000000718c00000, 0x0000000718c00000|100%| E|CS|TAMS 0x0000000718a00000, 0x0000000718a00000| Complete 
| 165|0x0000000718c00000, 0x0000000718e00000, 0x0000000718e00000|100%| E|CS|TAMS 0x0000000718c00000, 0x0000000718c00000| Complete 
| 166|0x0000000718e00000, 0x0000000719000000, 0x0000000719000000|100%| E|CS|TAMS 0x0000000718e00000, 0x0000000718e00000| Complete 
| 167|0x0000000719000000, 0x0000000719200000, 0x0000000719200000|100%| E|CS|TAMS 0x0000000719000000, 0x0000000719000000| Complete 
| 168|0x0000000719200000, 0x0000000719400000, 0x0000000719400000|100%| E|  |TAMS 0x0000000719200000, 0x0000000719200000| Complete 
| 169|0x0000000719400000, 0x0000000719600000, 0x0000000719600000|100%| E|CS|TAMS 0x0000000719400000, 0x0000000719400000| Complete 
| 170|0x0000000719600000, 0x0000000719800000, 0x0000000719800000|100%| E|CS|TAMS 0x0000000719600000, 0x0000000719600000| Complete 
| 171|0x0000000719800000, 0x0000000719a00000, 0x0000000719a00000|100%| E|CS|TAMS 0x0000000719800000, 0x0000000719800000| Complete 
| 172|0x0000000719a00000, 0x0000000719c00000, 0x0000000719c00000|100%| E|CS|TAMS 0x0000000719a00000, 0x0000000719a00000| Complete 
| 173|0x0000000719c00000, 0x0000000719e00000, 0x0000000719e00000|100%| E|CS|TAMS 0x0000000719c00000, 0x0000000719c00000| Complete 
| 174|0x0000000719e00000, 0x000000071a000000, 0x000000071a000000|100%| E|CS|TAMS 0x0000000719e00000, 0x0000000719e00000| Complete 
| 175|0x000000071a000000, 0x000000071a200000, 0x000000071a200000|100%| E|CS|TAMS 0x000000071a000000, 0x000000071a000000| Complete 

Card table byte_map: [0x00000279b29d0000,0x00000279b31b0000] _byte_map_base: 0x00000279af1af000

Marking Bits (Prev, Next): (CMBitMap*) 0x000002799acf3070, (CMBitMap*) 0x000002799acf30b0
 Prev Bits: [0x00000279b3990000, 0x00000279b7888000)
 Next Bits: [0x00000279b7890000, 0x00000279bb788000)

Polling page: 0x0000027998e00000

Metaspace:

Usage:
  Non-class:     47.99 MB capacity,    47.64 MB (>99%) used,   277.20 KB ( <1%) free+waste,    76.00 KB ( <1%) overhead. 
      Class:      5.79 MB capacity,     5.64 MB ( 97%) used,   136.45 KB (  2%) free+waste,    25.94 KB ( <1%) overhead. 
       Both:     53.78 MB capacity,    53.28 MB (>99%) used,   413.64 KB ( <1%) free+waste,   101.94 KB ( <1%) overhead. 

Virtual space:
  Non-class space:       48.00 MB reserved,      48.00 MB (100%) committed 
      Class space:        1.00 GB reserved,       5.88 MB ( <1%) committed 
             Both:        1.05 GB reserved,      53.88 MB (  5%) committed 

Chunk freelists:
   Non-Class:  12.00 KB
       Class:  18.00 KB
        Both:  30.00 KB

MaxMetaspaceSize: 17179869184.00 GB
CompressedClassSpaceSize: 1.00 GB

CodeHeap 'non-profiled nmethods': size=120000Kb used=4722Kb max_used=4722Kb free=115277Kb
 bounds [0x00000279aa990000, 0x00000279aae30000, 0x00000279b1ec0000]
CodeHeap 'profiled nmethods': size=120000Kb used=13264Kb max_used=13264Kb free=106735Kb
 bounds [0x00000279a3460000, 0x00000279a4160000, 0x00000279aa990000]
CodeHeap 'non-nmethods': size=5760Kb used=1988Kb max_used=2028Kb free=3772Kb
 bounds [0x00000279a2ec0000, 0x00000279a3130000, 0x00000279a3460000]
 total_blobs=7654 nmethods=6298 adapters=1268
 compilation: enabled
              stopped_count=0, restarted_count=0
 full_count=0

Compilation events (20 events):
Event: 34.491 Thread 0x00000279be1d9470 nmethod 7170 0x00000279a4144110 code [0x00000279a41442e0, 0x00000279a4144808]
Event: 34.491 Thread 0x00000279be1d6300 7171  s!   4       dh::g (704 bytes)
Event: 34.502 Thread 0x00000279be1d6300 nmethod 7171 0x00000279aae25510 code [0x00000279aae25740, 0x00000279aae268f0]
Event: 34.502 Thread 0x00000279be1d6300 7174       4       java.lang.Class::getSimpleName (26 bytes)
Event: 34.513 Thread 0x00000279be1d6300 nmethod 7174 0x00000279aae26f90 code [0x00000279aae27280, 0x00000279aae27e90]
Event: 34.513 Thread 0x00000279be1d6300 7172   !   4       java.lang.Class::getTypeName (59 bytes)
Event: 34.513 Thread 0x00000279be1d6300 nmethod 7172 0x00000279aae28890 code [0x00000279aae28a20, 0x00000279aae28ae8]
Event: 34.513 Thread 0x00000279be1d6300 7173       4       com.google.common.collect.ImmutableList::asImmutableList (60 bytes)
Event: 34.517 Thread 0x00000279be1d6300 nmethod 7173 0x00000279aae28c10 code [0x00000279aae28da0, 0x00000279aae29238]
Event: 36.249 Thread 0x00000279be1d9470 7175       3       org.pushingpixels.trident.callback.TimelineCallbackAdapter::onTimelinePulse (1 bytes)
Event: 36.250 Thread 0x00000279be1d9470 nmethod 7175 0x00000279a4144990 code [0x00000279a4144b20, 0x00000279a4144c18]
Event: 36.261 Thread 0x00000279be1d9470 7176       3       com.google.common.collect.Hashing::needsResizing (22 bytes)
Event: 36.261 Thread 0x00000279be1d9470 nmethod 7176 0x00000279a4144c90 code [0x00000279a4144e20, 0x00000279a4144fd8]
Event: 36.262 Thread 0x00000279be1d9470 7177       3       com.google.common.collect.LinkedHashMultimap$ValueSet::<init> (55 bytes)
Event: 36.262 Thread 0x00000279be1d9470 nmethod 7177 0x00000279a4145090 code [0x00000279a4145280, 0x00000279a41457e8]
Event: 36.263 Thread 0x00000279be1d6300 7178       4       jdk.internal.org.objectweb.asm.AnnotationWriter::computeAnnotationsSize (66 bytes)
Event: 36.264 Thread 0x00000279be1d6300 nmethod 7178 0x00000279aae29510 code [0x00000279aae296a0, 0x00000279aae29788]
Event: 36.264 Thread 0x00000279be1d6300 7179       4       jdk.internal.org.objectweb.asm.Attribute::putAttributes (78 bytes)
Event: 36.264 Thread 0x00000279be1d6300 nmethod 7179 0x00000279aae29890 code [0x00000279aae29a00, 0x00000279aae29ab8]
Event: 46.924 Thread 0x00000279be1d6300 7180       4       java.util.LinkedList::linkLast (59 bytes)

GC Heap History (20 events):
Event: 7.178 GC heap before
{Heap before GC invocations=24 (full 0):
 garbage-first heap   total 143360K, used 96688K [0x0000000704200000, 0x0000000800000000)
  region size 2048K, 7 young (14336K), 1 survivors (2048K)
 Metaspace       used 50909K, capacity 51282K, committed 51328K, reserved 1095680K
  class space    used 5328K, capacity 5489K, committed 5504K, reserved 1048576K
}
Event: 7.184 GC heap after
{Heap after GC invocations=25 (full 0):
 garbage-first heap   total 143360K, used 98304K [0x0000000704200000, 0x0000000800000000)
  region size 2048K, 1 young (2048K), 1 survivors (2048K)
 Metaspace       used 50909K, capacity 51282K, committed 51328K, reserved 1095680K
  class space    used 5328K, capacity 5489K, committed 5504K, reserved 1048576K
}
Event: 7.203 GC heap before
{Heap before GC invocations=25 (full 0):
 garbage-first heap   total 143360K, used 106496K [0x0000000704200000, 0x0000000800000000)
  region size 2048K, 5 young (10240K), 1 survivors (2048K)
 Metaspace       used 50909K, capacity 51282K, committed 51328K, reserved 1095680K
  class space    used 5328K, capacity 5489K, committed 5504K, reserved 1048576K
}
Event: 7.207 GC heap after
{Heap after GC invocations=26 (full 0):
 garbage-first heap   total 172032K, used 107690K [0x0000000704200000, 0x0000000800000000)
  region size 2048K, 1 young (2048K), 1 survivors (2048K)
 Metaspace       used 50909K, capacity 51282K, committed 51328K, reserved 1095680K
  class space    used 5328K, capacity 5489K, committed 5504K, reserved 1048576K
}
Event: 7.248 GC heap before
{Heap before GC invocations=26 (full 0):
 garbage-first heap   total 172032K, used 117930K [0x0000000704200000, 0x0000000800000000)
  region size 2048K, 7 young (14336K), 1 survivors (2048K)
 Metaspace       used 50915K, capacity 51282K, committed 51328K, reserved 1095680K
  class space    used 5328K, capacity 5489K, committed 5504K, reserved 1048576K
}
Event: 7.253 GC heap after
{Heap after GC invocations=27 (full 0):
 garbage-first heap   total 172032K, used 120691K [0x0000000704200000, 0x0000000800000000)
  region size 2048K, 1 young (2048K), 1 survivors (2048K)
 Metaspace       used 50915K, capacity 51282K, committed 51328K, reserved 1095680K
  class space    used 5328K, capacity 5489K, committed 5504K, reserved 1048576K
}
Event: 7.547 GC heap before
{Heap before GC invocations=28 (full 0):
 garbage-first heap   total 204800K, used 124787K [0x0000000704200000, 0x0000000800000000)
  region size 2048K, 5 young (10240K), 1 survivors (2048K)
 Metaspace       used 51314K, capacity 51794K, committed 51968K, reserved 1095680K
  class space    used 5373K, capacity 5553K, committed 5632K, reserved 1048576K
}
Event: 7.549 GC heap after
{Heap after GC invocations=29 (full 0):
 garbage-first heap   total 204800K, used 126037K [0x0000000704200000, 0x0000000800000000)
  region size 2048K, 1 young (2048K), 1 survivors (2048K)
 Metaspace       used 51314K, capacity 51794K, committed 51968K, reserved 1095680K
  class space    used 5373K, capacity 5553K, committed 5632K, reserved 1048576K
}
Event: 7.763 GC heap before
{Heap before GC invocations=29 (full 0):
 garbage-first heap   total 204800K, used 134229K [0x0000000704200000, 0x0000000800000000)
  region size 2048K, 5 young (10240K), 1 survivors (2048K)
 Metaspace       used 51574K, capacity 52050K, committed 52224K, reserved 1095680K
  class space    used 5394K, capacity 5553K, committed 5632K, reserved 1048576K
}
Event: 7.772 GC heap after
{Heap after GC invocations=30 (full 0):
 garbage-first heap   total 204800K, used 110587K [0x0000000704200000, 0x0000000800000000)
  region size 2048K, 1 young (2048K), 1 survivors (2048K)
 Metaspace       used 51574K, capacity 52050K, committed 52224K, reserved 1095680K
  class space    used 5394K, capacity 5553K, committed 5632K, reserved 1048576K
}
Event: 7.816 GC heap before
{Heap before GC invocations=30 (full 0):
 garbage-first heap   total 204800K, used 116731K [0x0000000704200000, 0x0000000800000000)
  region size 2048K, 5 young (10240K), 1 survivors (2048K)
 Metaspace       used 51586K, capacity 52050K, committed 52224K, reserved 1095680K
  class space    used 5394K, capacity 5553K, committed 5632K, reserved 1048576K
}
Event: 7.821 GC heap after
{Heap after GC invocations=31 (full 0):
 garbage-first heap   total 276480K, used 96878K [0x0000000704200000, 0x0000000800000000)
  region size 2048K, 1 young (2048K), 1 survivors (2048K)
 Metaspace       used 51586K, capacity 52050K, committed 52224K, reserved 1095680K
  class space    used 5394K, capacity 5553K, committed 5632K, reserved 1048576K
}
Event: 9.030 GC heap before
{Heap before GC invocations=31 (full 0):
 garbage-first heap   total 276480K, used 141934K [0x0000000704200000, 0x0000000800000000)
  region size 2048K, 24 young (49152K), 1 survivors (2048K)
 Metaspace       used 51842K, capacity 52306K, committed 52480K, reserved 1095680K
  class space    used 5401K, capacity 5553K, committed 5632K, reserved 1048576K
}
Event: 9.036 GC heap after
{Heap after GC invocations=32 (full 0):
 garbage-first heap   total 276480K, used 103573K [0x0000000704200000, 0x0000000800000000)
  region size 2048K, 3 young (6144K), 3 survivors (6144K)
 Metaspace       used 51842K, capacity 52306K, committed 52480K, reserved 1095680K
  class space    used 5401K, capacity 5553K, committed 5632K, reserved 1048576K
}
Event: 10.318 GC heap before
{Heap before GC invocations=32 (full 0):
 garbage-first heap   total 276480K, used 152725K [0x0000000704200000, 0x0000000800000000)
  region size 2048K, 28 young (57344K), 3 survivors (6144K)
 Metaspace       used 52012K, capacity 52449K, committed 52736K, reserved 1095680K
  class space    used 5411K, capacity 5558K, committed 5632K, reserved 1048576K
}
Event: 10.327 GC heap after
{Heap after GC invocations=33 (full 0):
 garbage-first heap   total 276480K, used 116844K [0x0000000704200000, 0x0000000800000000)
  region size 2048K, 4 young (8192K), 4 survivors (8192K)
 Metaspace       used 52012K, capacity 52449K, committed 52736K, reserved 1095680K
  class space    used 5411K, capacity 5558K, committed 5632K, reserved 1048576K
}
Event: 11.268 GC heap before
{Heap before GC invocations=33 (full 0):
 garbage-first heap   total 276480K, used 168044K [0x0000000704200000, 0x0000000800000000)
  region size 2048K, 29 young (59392K), 4 survivors (8192K)
 Metaspace       used 52027K, capacity 52449K, committed 52736K, reserved 1095680K
  class space    used 5411K, capacity 5558K, committed 5632K, reserved 1048576K
}
Event: 11.275 GC heap after
{Heap after GC invocations=34 (full 0):
 garbage-first heap   total 276480K, used 121180K [0x0000000704200000, 0x0000000800000000)
  region size 2048K, 2 young (4096K), 2 survivors (4096K)
 Metaspace       used 52027K, capacity 52449K, committed 52736K, reserved 1095680K
  class space    used 5411K, capacity 5558K, committed 5632K, reserved 1048576K
}
Event: 13.241 GC heap before
{Heap before GC invocations=34 (full 0):
 garbage-first heap   total 276480K, used 176476K [0x0000000704200000, 0x0000000800000000)
  region size 2048K, 29 young (59392K), 2 survivors (4096K)
 Metaspace       used 52085K, capacity 52513K, committed 52736K, reserved 1095680K
  class space    used 5412K, capacity 5558K, committed 5632K, reserved 1048576K
}
Event: 13.250 GC heap after
{Heap after GC invocations=35 (full 0):
 garbage-first heap   total 360448K, used 124830K [0x0000000704200000, 0x0000000800000000)
  region size 2048K, 4 young (8192K), 4 survivors (8192K)
 Metaspace       used 52085K, capacity 52513K, committed 52736K, reserved 1095680K
  class space    used 5412K, capacity 5558K, committed 5632K, reserved 1048576K
}

Deoptimization events (20 events):
Event: 29.695 Thread 0x00000279bf4f72a0 DEOPT PACKING pc=0x00000279a3ccd3b4 sp=0x000000e73a7fd100
Event: 29.695 Thread 0x00000279bf4f72a0 DEOPT UNPACKING pc=0x00000279a2f0f6cf sp=0x000000e73a7fc5f0 mode 1
Event: 29.695 Thread 0x00000279bf4f72a0 DEOPT PACKING pc=0x00000279a3ab1c84 sp=0x000000e73a7fd1e0
Event: 29.695 Thread 0x00000279bf4f72a0 DEOPT UNPACKING pc=0x00000279a2f0f6cf sp=0x000000e73a7fc690 mode 1
Event: 29.695 Thread 0x00000279bf4f72a0 DEOPT PACKING pc=0x00000279a3b0ae9c sp=0x000000e73a7fd250
Event: 29.695 Thread 0x00000279bf4f72a0 DEOPT UNPACKING pc=0x00000279a2f0f6cf sp=0x000000e73a7fc718 mode 1
Event: 29.695 Thread 0x00000279bf4f72a0 DEOPT PACKING pc=0x00000279a3c103dc sp=0x000000e73a7fd2d0
Event: 29.695 Thread 0x00000279bf4f72a0 DEOPT UNPACKING pc=0x00000279a2f0f6cf sp=0x000000e73a7fc7d8 mode 1
Event: 29.695 Thread 0x00000279bf4f72a0 DEOPT PACKING pc=0x00000279a381e7c1 sp=0x000000e73a7fd2a0
Event: 29.695 Thread 0x00000279bf4f72a0 DEOPT UNPACKING pc=0x00000279a2f0f6cf sp=0x000000e73a7fc778 mode 1
Event: 29.695 Thread 0x00000279bf4f72a0 DEOPT PACKING pc=0x00000279a3ba7c3c sp=0x000000e73a7fd5b0
Event: 29.695 Thread 0x00000279bf4f72a0 DEOPT UNPACKING pc=0x00000279a2f0f6cf sp=0x000000e73a7fca80 mode 1
Event: 29.695 Thread 0x00000279bf4f72a0 DEOPT PACKING pc=0x00000279a3ba6f8c sp=0x000000e73a7fdbe0
Event: 29.695 Thread 0x00000279bf4f72a0 DEOPT UNPACKING pc=0x00000279a2f0f6cf sp=0x000000e73a7fd108 mode 1
Event: 29.695 Thread 0x00000279bf4f72a0 DEOPT PACKING pc=0x00000279a3c63584 sp=0x000000e73a7fddc0
Event: 29.695 Thread 0x00000279bf4f72a0 DEOPT UNPACKING pc=0x00000279a2f0f6cf sp=0x000000e73a7fd2c8 mode 1
Event: 29.695 Thread 0x00000279bf4f72a0 DEOPT PACKING pc=0x00000279a3bf3384 sp=0x000000e73a7fdf50
Event: 29.695 Thread 0x00000279bf4f72a0 DEOPT UNPACKING pc=0x00000279a2f0f6cf sp=0x000000e73a7fd450 mode 1
Event: 29.695 Thread 0x00000279bf4f72a0 DEOPT PACKING pc=0x00000279a3bf32c4 sp=0x000000e73a7fe020
Event: 29.695 Thread 0x00000279bf4f72a0 DEOPT UNPACKING pc=0x00000279a2f0f6cf sp=0x000000e73a7fd520 mode 1

Classes unloaded (0 events):
No events

Classes redefined (0 events):
No events

Internal exceptions (20 events):
Event: 36.253 Thread 0x00000279bf4f72a0 Exception <a 'java/lang/IncompatibleClassChangeError'{0x000000071829ccc0}: Found class java.lang.Object, but interface was expected> (0x000000071829ccc0) 
thrown [./open/src/hotspot/share/interpreter/linkResolver.cpp, line 848]
Event: 36.253 Thread 0x00000279bf4f72a0 Exception <a 'java/lang/IncompatibleClassChangeError'{0x00000007182a0788}: Found class java.lang.Object, but interface was expected> (0x00000007182a0788) 
thrown [./open/src/hotspot/share/interpreter/linkResolver.cpp, line 848]
Event: 36.253 Thread 0x00000279bf4f72a0 Exception <a 'java/lang/IncompatibleClassChangeError'{0x00000007182a42b0}: Found class java.lang.Object, but interface was expected> (0x00000007182a42b0) 
thrown [./open/src/hotspot/share/interpreter/linkResolver.cpp, line 848]
Event: 36.253 Thread 0x00000279bf4f72a0 Exception <a 'java/lang/IncompatibleClassChangeError'{0x00000007182a7d70}: Found class java.lang.Object, but interface was expected> (0x00000007182a7d70) 
thrown [./open/src/hotspot/share/interpreter/linkResolver.cpp, line 848]
Event: 36.253 Thread 0x00000279bf4f72a0 Exception <a 'java/lang/IncompatibleClassChangeError'{0x00000007182ab860}: Found class java.lang.Object, but interface was expected> (0x00000007182ab860) 
thrown [./open/src/hotspot/share/interpreter/linkResolver.cpp, line 848]
Event: 36.254 Thread 0x00000279bf4f72a0 Exception <a 'java/lang/IncompatibleClassChangeError'{0x00000007182af358}: Found class java.lang.Object, but interface was expected> (0x00000007182af358) 
thrown [./open/src/hotspot/share/interpreter/linkResolver.cpp, line 848]
Event: 36.254 Thread 0x00000279bf4f72a0 Exception <a 'java/lang/IncompatibleClassChangeError'{0x00000007182b2ea8}: Found class java.lang.Object, but interface was expected> (0x00000007182b2ea8) 
thrown [./open/src/hotspot/share/interpreter/linkResolver.cpp, line 848]
Event: 36.254 Thread 0x00000279bf4f72a0 Exception <a 'java/lang/IncompatibleClassChangeError'{0x00000007182b69b0}: Found class java.lang.Object, but interface was expected> (0x00000007182b69b0) 
thrown [./open/src/hotspot/share/interpreter/linkResolver.cpp, line 848]
Event: 36.254 Thread 0x00000279bf4f72a0 Exception <a 'java/lang/IncompatibleClassChangeError'{0x00000007182c0898}: Found class java.lang.Object, but interface was expected> (0x00000007182c0898) 
thrown [./open/src/hotspot/share/interpreter/linkResolver.cpp, line 848]
Event: 36.255 Thread 0x00000279bf4f72a0 Exception <a 'java/lang/IncompatibleClassChangeError'{0x00000007182c43a0}: Found class java.lang.Object, but interface was expected> (0x00000007182c43a0) 
thrown [./open/src/hotspot/share/interpreter/linkResolver.cpp, line 848]
Event: 36.259 Thread 0x00000279bf4f72a0 Exception <a 'java/lang/IncompatibleClassChangeError'{0x00000007182f3930}: Found class java.lang.Object, but interface was expected> (0x00000007182f3930) 
thrown [./open/src/hotspot/share/interpreter/linkResolver.cpp, line 848]
Event: 36.259 Thread 0x00000279bf4f72a0 Exception <a 'java/lang/IncompatibleClassChangeError'{0x00000007182fa600}: Found class java.lang.Object, but interface was expected> (0x00000007182fa600) 
thrown [./open/src/hotspot/share/interpreter/linkResolver.cpp, line 848]
Event: 36.260 Thread 0x00000279bf4f72a0 Exception <a 'java/lang/IncompatibleClassChangeError'{0x00000007182fe100}: Found class java.lang.Object, but interface was expected> (0x00000007182fe100) 
thrown [./open/src/hotspot/share/interpreter/linkResolver.cpp, line 848]
Event: 36.260 Thread 0x00000279bf4f72a0 Exception <a 'java/lang/IncompatibleClassChangeError'{0x0000000718301d08}: Found class java.lang.Object, but interface was expected> (0x0000000718301d08) 
thrown [./open/src/hotspot/share/interpreter/linkResolver.cpp, line 848]
Event: 36.260 Thread 0x00000279bf4f72a0 Exception <a 'java/lang/IncompatibleClassChangeError'{0x0000000718305810}: Found class java.lang.Object, but interface was expected> (0x0000000718305810) 
thrown [./open/src/hotspot/share/interpreter/linkResolver.cpp, line 848]
Event: 36.261 Thread 0x00000279bf4f72a0 Exception <a 'java/lang/IncompatibleClassChangeError'{0x000000071830bea0}: Found class java.lang.Object, but interface was expected> (0x000000071830bea0) 
thrown [./open/src/hotspot/share/interpreter/linkResolver.cpp, line 848]
Event: 36.261 Thread 0x00000279bf4f72a0 Exception <a 'java/lang/IncompatibleClassChangeError'{0x000000071830f990}: Found class java.lang.Object, but interface was expected> (0x000000071830f990) 
thrown [./open/src/hotspot/share/interpreter/linkResolver.cpp, line 848]
Event: 36.261 Thread 0x00000279bf4f72a0 Exception <a 'java/lang/IncompatibleClassChangeError'{0x00000007183134e8}: Found class java.lang.Object, but interface was expected> (0x00000007183134e8) 
thrown [./open/src/hotspot/share/interpreter/linkResolver.cpp, line 848]
Event: 36.262 Thread 0x00000279bf4f72a0 Exception <a 'java/lang/IncompatibleClassChangeError'{0x0000000718320848}: Found class java.lang.Object, but interface was expected> (0x0000000718320848) 
thrown [./open/src/hotspot/share/interpreter/linkResolver.cpp, line 848]
Event: 36.263 Thread 0x00000279bf4f72a0 Exception <a 'java/lang/IncompatibleClassChangeError'{0x000000071832a898}: Found class java.lang.Object, but interface was expected> (0x000000071832a898) 
thrown [./open/src/hotspot/share/interpreter/linkResolver.cpp, line 848]

Events (20 events):
Event: 40.339 Executing VM operation: get/set locals done
Event: 41.224 Executing VM operation: GetFrameCount
Event: 41.224 Executing VM operation: GetFrameCount done
Event: 41.224 Executing VM operation: GetFrameCount
Event: 41.224 Executing VM operation: GetFrameCount done
Event: 41.224 Executing VM operation: GetStackTrace
Event: 41.224 Executing VM operation: GetStackTrace done
Event: 46.922 Executing VM operation: GetFrameCount
Event: 46.923 Executing VM operation: GetFrameCount done
Event: 46.923 Executing VM operation: SetFramePop
Event: 46.923 Executing VM operation: SetFramePop done
Event: 46.923 Executing VM operation: GetFrameLocation
Event: 46.923 Executing VM operation: GetFrameLocation done
Event: 46.923 Executing VM operation: GetCurrentLocation
Event: 46.923 Executing VM operation: GetCurrentLocation done
Event: 46.923 Executing VM operation: ChangeSingleStep
Event: 46.923 Executing VM operation: ChangeSingleStep done
Event: 46.924 Executing VM operation: ChangeSingleStep
Event: 46.924 Executing VM operation: ChangeSingleStep done
Event: 46.924 Thread 0x00000279c71ecec0 Thread exited: 0x00000279c71ecec0


Dynamic libraries:
0x00007ff707b80000 - 0x00007ff707b8d000 	D:\Users\Stefan\.jdks\openjdk-15.0.1\bin\java.exe
0x00007ffb0e0b0000 - 0x00007ffb0e2a4000 	C:\Windows\SYSTEM32\ntdll.dll
0x00007ffb0d6f0000 - 0x00007ffb0d7ad000 	C:\Windows\System32\KERNEL32.DLL
0x00007ffb0bbb0000 - 0x00007ffb0be77000 	C:\Windows\System32\KERNELBASE.dll
0x00007ffb0bfa0000 - 0x00007ffb0c0a0000 	C:\Windows\System32\ucrtbase.dll
0x00007ffb00540000 - 0x00007ffb00558000 	D:\Users\Stefan\.jdks\openjdk-15.0.1\bin\jli.dll
0x00007ffaf7b20000 - 0x00007ffaf7b39000 	D:\Users\Stefan\.jdks\openjdk-15.0.1\bin\VCRUNTIME140.dll
0x00007ffb0c740000 - 0x00007ffb0c8e0000 	C:\Windows\System32\USER32.dll
0x00007ffb0bb80000 - 0x00007ffb0bba2000 	C:\Windows\System32\win32u.dll
0x00007ffaf9030000 - 0x00007ffaf92ca000 	C:\Windows\WinSxS\amd64_microsoft.windows.common-controls_6595b64144ccf1df_6.0.19041.1_none_b555e41d4684ddec\COMCTL32.dll
0x00007ffb0c1d0000 - 0x00007ffb0c1fa000 	C:\Windows\System32\GDI32.dll
0x00007ffb0c120000 - 0x00007ffb0c1be000 	C:\Windows\System32\msvcrt.dll
0x00007ffb0ba70000 - 0x00007ffb0bb7a000 	C:\Windows\System32\gdi32full.dll
0x00007ffb0beb0000 - 0x00007ffb0bf4d000 	C:\Windows\System32\msvcp_win.dll
0x00007ffb0cb90000 - 0x00007ffb0cbc0000 	C:\Windows\System32\IMM32.DLL
0x00007ffaf92d0000 - 0x00007ffaf92dc000 	D:\Users\Stefan\.jdks\openjdk-15.0.1\bin\vcruntime140_1.dll
0x00007ffae4b00000 - 0x00007ffae4b91000 	D:\Users\Stefan\.jdks\openjdk-15.0.1\bin\msvcp140.dll
0x00007ffacf2d0000 - 0x00007ffacfe2e000 	D:\Users\Stefan\.jdks\openjdk-15.0.1\bin\server\jvm.dll
0x00007ffb0cc20000 - 0x00007ffb0ccca000 	C:\Windows\System32\ADVAPI32.dll
0x00007ffb0d1e0000 - 0x00007ffb0d27b000 	C:\Windows\System32\sechost.dll
0x00007ffb0c200000 - 0x00007ffb0c323000 	C:\Windows\System32\RPCRT4.dll
0x00007ffb0c1c0000 - 0x00007ffb0c1c8000 	C:\Windows\System32\PSAPI.DLL
0x00007ffb06ff0000 - 0x00007ffb06ff9000 	C:\Windows\SYSTEM32\WSOCK32.dll
0x00007ffb01190000 - 0x00007ffb0119a000 	C:\Windows\SYSTEM32\VERSION.dll
0x00007ffaf7660000 - 0x00007ffaf7687000 	C:\Windows\SYSTEM32\WINMM.dll
0x00007ffb0d570000 - 0x00007ffb0d5db000 	C:\Windows\System32\WS2_32.dll
0x00007ffb0a110000 - 0x00007ffb0a123000 	C:\Windows\SYSTEM32\kernel.appcore.dll
0x00007ffaf8690000 - 0x00007ffaf869a000 	D:\Users\Stefan\.jdks\openjdk-15.0.1\bin\jimage.dll
0x00007ffb09500000 - 0x00007ffb096e4000 	C:\Windows\SYSTEM32\DBGHELP.DLL
0x00007ffb03470000 - 0x00007ffb0349c000 	C:\Windows\SYSTEM32\dbgcore.DLL
0x00007ffb0c0a0000 - 0x00007ffb0c11f000 	C:\Windows\System32\bcryptPrimitives.dll
0x00007ffaeafd0000 - 0x00007ffaeb009000 	D:\Users\Stefan\.jdks\openjdk-15.0.1\bin\jdwp.dll
0x00007ffaf8130000 - 0x00007ffaf813e000 	D:\Users\Stefan\.jdks\openjdk-15.0.1\bin\instrument.dll
0x00007ffaee440000 - 0x00007ffaee465000 	D:\Users\Stefan\.jdks\openjdk-15.0.1\bin\java.dll
0x00007ffb0d810000 - 0x00007ffb0df45000 	C:\Windows\System32\SHELL32.dll
0x00007ffb09970000 - 0x00007ffb0a0ff000 	C:\Windows\SYSTEM32\windows.storage.dll
0x00007ffb0c3e0000 - 0x00007ffb0c733000 	C:\Windows\System32\combase.dll
0x00007ffb0b280000 - 0x00007ffb0b2ab000 	C:\Windows\SYSTEM32\Wldp.dll
0x00007ffb0d5e0000 - 0x00007ffb0d68e000 	C:\Windows\System32\SHCORE.dll
0x00007ffb0cbc0000 - 0x00007ffb0cc15000 	C:\Windows\System32\shlwapi.dll
0x00007ffb0b740000 - 0x00007ffb0b75f000 	C:\Windows\SYSTEM32\profapi.dll
0x00007ffaf7b60000 - 0x00007ffaf7b6b000 	D:\Users\Stefan\.jdks\openjdk-15.0.1\bin\dt_socket.dll
0x00007ffb0aca0000 - 0x00007ffb0acdb000 	C:\Windows\SYSTEM32\IPHLPAPI.DLL
0x00007ffb0b000000 - 0x00007ffb0b06a000 	C:\Windows\system32\mswsock.dll
0x00007ffaee720000 - 0x00007ffaee738000 	D:\Users\Stefan\.jdks\openjdk-15.0.1\bin\zip.dll
0x00007ffaf6f70000 - 0x00007ffaf6f89000 	D:\Users\Stefan\.jdks\openjdk-15.0.1\bin\net.dll
0x00007ffb060b0000 - 0x00007ffb061b0000 	C:\Windows\SYSTEM32\WINHTTP.dll
0x00007ffaf6f20000 - 0x00007ffaf6f32000 	D:\Users\Stefan\.jdks\openjdk-15.0.1\bin\nio.dll
0x00007ffaf6ee0000 - 0x00007ffaf6ef0000 	D:\Users\Stefan\.jdks\openjdk-15.0.1\bin\verify.dll
0x00007ffaf1620000 - 0x00007ffaf162d000 	D:\Users\Stefan\.jdks\openjdk-15.0.1\bin\sunmscapi.dll
0x00007ffb0b860000 - 0x00007ffb0b9bd000 	C:\Windows\System32\CRYPT32.dll
0x00007ffb0b2f0000 - 0x00007ffb0b317000 	C:\Windows\SYSTEM32\ncrypt.dll
0x00007ffb0b2b0000 - 0x00007ffb0b2eb000 	C:\Windows\SYSTEM32\NTASN1.dll
0x00007ffb0b1d0000 - 0x00007ffb0b1e8000 	C:\Windows\SYSTEM32\CRYPTSP.dll
0x00007ffb0a920000 - 0x00007ffb0a954000 	C:\Windows\system32\rsaenh.dll
0x00007ffb0be80000 - 0x00007ffb0bea7000 	C:\Windows\System32\bcrypt.dll
0x00007ffb0b6c0000 - 0x00007ffb0b6ee000 	C:\Windows\SYSTEM32\USERENV.dll
0x00007ffb0b1f0000 - 0x00007ffb0b1fc000 	C:\Windows\SYSTEM32\CRYPTBASE.dll
0x00007ffb0d150000 - 0x00007ffb0d159000 	C:\Windows\System32\NSI.dll
0x00007ffb00f80000 - 0x00007ffb00f97000 	C:\Windows\SYSTEM32\dhcpcsvc6.DLL
0x00007ffb029c0000 - 0x00007ffb029dd000 	C:\Windows\SYSTEM32\dhcpcsvc.DLL
0x00007ffb0acf0000 - 0x00007ffb0adba000 	C:\Windows\SYSTEM32\DNSAPI.dll
0x00007ffad6960000 - 0x00007ffad6adf000 	D:\Users\Stefan\.jdks\openjdk-15.0.1\bin\awt.dll
0x00007ffb0d280000 - 0x00007ffb0d34d000 	C:\Windows\System32\OLEAUT32.dll
0x00007ffb08d40000 - 0x00007ffb08dd0000 	C:\Windows\SYSTEM32\apphelp.dll
0x00007ffb08f10000 - 0x00007ffb08faf000 	C:\Windows\system32\uxtheme.dll
0x00007ffb0df50000 - 0x00007ffb0e065000 	C:\Windows\System32\MSCTF.dll
0x00007ffb0d350000 - 0x00007ffb0d479000 	C:\Windows\System32\ole32.dll
0x00007ffb090e0000 - 0x00007ffb0910e000 	C:\Windows\system32\DWMAPI.DLL
0x00007ffae5d50000 - 0x00007ffae5eac000 	C:\Windows\system32\opengl32.dll
0x00007ffae7030000 - 0x00007ffae705c000 	C:\Windows\SYSTEM32\GLU32.dll
0x00007ffad7060000 - 0x00007ffad70e5000 	D:\Users\Stefan\.jdks\openjdk-15.0.1\bin\freetype.dll
0x00007ffad68b0000 - 0x00007ffad6959000 	D:\Users\Stefan\.jdks\openjdk-15.0.1\bin\fontmanager.dll
0x00007ffafba20000 - 0x00007ffafbb1c000 	C:\Windows\SYSTEM32\textinputframework.dll
0x00007ffb08430000 - 0x00007ffb0878a000 	C:\Windows\System32\CoreUIComponents.dll
0x00007ffb08b10000 - 0x00007ffb08c02000 	C:\Windows\System32\CoreMessaging.dll
0x00007ffb0a690000 - 0x00007ffb0a6c3000 	C:\Windows\SYSTEM32\ntmarta.dll
0x00007ffb07370000 - 0x00007ffb074c6000 	C:\Windows\SYSTEM32\wintypes.dll
0x00007ffb02680000 - 0x00007ffb0268a000 	C:\Windows\System32\rasadhlp.dll
0x00007ffb023e0000 - 0x00007ffb0245f000 	C:\Windows\System32\fwpuclnt.dll
0x00007ffaea0c0000 - 0x00007ffaea102000 	D:\Users\Stefan\AppData\Local\Temp\jna--1808509297\jna11247389351625394058.dll
0x00007ffad6810000 - 0x00007ffad68ac000 	D:\Users\Stefan\AppData\Local\Temp\jna--1808509297\jna1368388591953270992.dll
0x00007ffad6fe0000 - 0x00007ffad705f000 	D:\Users\Stefan\.jdks\openjdk-15.0.1\bin\mlib_image.dll
0x00007ffaee650000 - 0x00007ffaee661000 	D:\Users\Stefan\.jdks\openjdk-15.0.1\bin\jsound.dll
0x00007ffad6570000 - 0x00007ffad660c000 	C:\Windows\SYSTEM32\DSOUND.dll
0x00007ffb0adc0000 - 0x00007ffb0ae0b000 	C:\Windows\SYSTEM32\powrprof.dll
0x00007ffae61f0000 - 0x00007ffae6216000 	C:\Windows\SYSTEM32\winmmbase.dll
0x00007ffb0ac80000 - 0x00007ffb0ac92000 	C:\Windows\SYSTEM32\UMPDC.dll
0x00007ffb0c330000 - 0x00007ffb0c3d8000 	C:\Windows\System32\clbcatq.dll
0x00007ffb045c0000 - 0x00007ffb04645000 	C:\Windows\System32\MMDevApi.dll
0x00007ffb0b5c0000 - 0x00007ffb0b5ec000 	C:\Windows\System32\DEVOBJ.dll
0x00007ffb0bf50000 - 0x00007ffb0bf9d000 	C:\Windows\System32\cfgmgr32.dll
0x00007ffad5c50000 - 0x00007ffad5c96000 	C:\Windows\SYSTEM32\wdmaud.drv
0x00007ffb06940000 - 0x00007ffb0694a000 	C:\Windows\SYSTEM32\AVRT.dll
0x00007ffad5c40000 - 0x00007ffad5c49000 	C:\Windows\SYSTEM32\ksuser.dll
0x00007ffb04650000 - 0x00007ffb047d0000 	C:\Windows\SYSTEM32\AUDIOSES.DLL
0x00007ffad5c30000 - 0x00007ffad5c3d000 	C:\Windows\SYSTEM32\msacm32.drv
0x00007ffad5c10000 - 0x00007ffad5c2e000 	C:\Windows\SYSTEM32\MSACM32.dll
0x00007ffad5c00000 - 0x00007ffad5c0b000 	C:\Windows\SYSTEM32\midimap.dll
0x00007ffb08ff0000 - 0x00007ffb09004000 	C:\Windows\SYSTEM32\resourcepolicyclient.dll
0x00007ffb00e30000 - 0x00007ffb00f7c000 	C:\Windows\System32\Windows.UI.dll
0x00007ffafb8c0000 - 0x00007ffafba12000 	C:\Windows\System32\InputHost.dll
0x00007ffb05e40000 - 0x00007ffb05ee1000 	C:\Windows\System32\WindowManagementAPI.dll
0x00007ffb070c0000 - 0x00007ffb071b5000 	C:\Windows\System32\PROPSYS.dll
0x00007ffb05c30000 - 0x00007ffb05e37000 	C:\Windows\SYSTEM32\twinapi.appcore.dll
0x00007ffaeafa0000 - 0x00007ffaeafcd000 	D:\Users\Stefan\.jdks\openjdk-15.0.1\bin\javajpeg.dll
0x00007ffad6500000 - 0x00007ffad6564000 	D:\Users\Stefan\AppData\Local\Temp\lwjglStefan\3.2.3-build-13\lwjgl.dll
0x00007ffad6490000 - 0x00007ffad64f2000 	D:\Users\Stefan\AppData\Local\Temp\lwjglStefan\3.2.3-build-13\glfw.dll
0x00007ffae7c10000 - 0x00007ffae7c55000 	C:\Windows\SYSTEM32\dinput8.dll
0x00007ffae8e20000 - 0x00007ffae8e31000 	C:\Windows\SYSTEM32\xinput1_4.dll
0x00007ffb0a100000 - 0x00007ffb0a10d000 	C:\Windows\SYSTEM32\HID.DLL
0x00007ffb0ccd0000 - 0x00007ffb0d137000 	C:\Windows\System32\SETUPAPI.DLL
0x00007ffb0b800000 - 0x00007ffb0b860000 	C:\Windows\System32\WINTRUST.dll
0x00007ffb0b400000 - 0x00007ffb0b412000 	C:\Windows\SYSTEM32\MSASN1.dll
0x00007ffaf10e0000 - 0x00007ffaf10e7000 	D:\Users\Stefan\.jdks\openjdk-15.0.1\bin\jawt.dll

dbghelp: loaded successfully - version: 4.0.5 - missing functions: none
symbol engine: initialized successfully - sym options: 0x614 - pdb path: .;D:\Users\Stefan\.jdks\openjdk-15.0.1\bin;C:\Windows\SYSTEM32;C:\Windows\WinSxS\amd64_microsoft.windows.common-controls_6595b64144ccf1df_6.0.19041.1_none_b555e41d4684ddec;D:\Users\Stefan\.jdks\openjdk-15.0.1\bin\server;D:\Users\Stefan\AppData\Local\Temp\jna--1808509297;D:\Users\Stefan\AppData\Local\Temp\lwjglStefan\3.2.3-build-13

VM Arguments:
jvm_args: -agentlib:jdwp=transport=dt_socket,address=127.0.0.1:62555,suspend=y,server=n -javaagent:D:\Users\Stefan\AppData\Local\JetBrains\IntelliJIdea2020.2\groovyHotSwap\gragent.jar -javaagent:D:\Users\Stefan\AppData\Local\JetBrains\IntelliJIdea2020.2\captureAgent\debugger-agent.jar -Dfile.encoding=UTF-8 
java_command: renderer.PluginRendererTest
java_class_path (initial): D:\IdeaProjects\render-distance\out\test\classes;D:\IdeaProjects\render-distance\out\production\classes;D:\IdeaProjects\render-distance\out\production\resources;D:\Users\Stefan\.gradle\caches\modules-2\files-2.1\org.lwjgl\lwjgl-opengl\3.2.3\bdd534a323d0c8f54969b95e424b6ac8984f7d6e\lwjgl-opengl-3.2.3.jar;D:\Users\Stefan\.gradle\caches\modules-2\files-2.1\org.lwjgl\lwjgl-opengl\3.2.3\7f14db5da9aa7951efe88993f519d7d38ad6e46b\lwjgl-opengl-3.2.3-natives-linux.jar;D:\Users\Stefan\.gradle\caches\modules-2\files-2.1\org.lwjgl\lwjgl-opengl\3.2.3\efa3326c11336d3e74c9c8aeceb2420328d28e6b\lwjgl-opengl-3.2.3-natives-macos.jar;D:\Users\Stefan\.gradle\caches\modules-2\files-2.1\org.lwjgl\lwjgl-opengl\3.2.3\e81cfc73ec8708e5e791ed770e4ec3edfc1bbab1\lwjgl-opengl-3.2.3-natives-windows.jar;D:\Users\Stefan\.gradle\caches\modules-2\files-2.1\org.lwjgl\lwjgl-glfw\3.2.3\5e520d5c290c8b012545a8d34fa5db5ab051ea53\lwjgl-glfw-3.2.3.jar;D:\Users\Stefan\.gradle\caches\modules-2\files-2.1\org.lwjgl\lwjgl-glfw\3.2.3\62b044d9b0a057444bef2ab70b9afc288ec09dba\lwjgl-glfw-3.2.3-natives-linux.jar;D:\Users\Stefan\.gradle\caches\modules-2\files-2.1\org.lwjgl\lwjgl-glfw\3.2.3\58661272eacb9116336c88b4aadccf1f17c09b\lwjgl-glfw-3.2.3-natives-macos.jar;D:\Users\Stefan\.gradle\caches\modules-2\files-2.1\org.lwjgl\lwjgl-glfw\3.2.3\b4d8a3477cdc2edcf7a5f1e822926be846223f54\lwjgl-glfw-3.2.3-natives-windows.jar;D:\Users\Stefan\.gradle\caches\modules-2\files-2.1\org.lwjgl\lwjgl-jawt\3.2.3\b93ceb43c55c28651e178af42e1f344e1e9d8bf3\lwjgl-jawt-3.2.3.jar;D:\Users\Stefan\.gradle\caches\modules-2\files-2.1\org.lwjgl\lwjgl\3.2.3\17a59ba0fe8d474ec9dbe0d5db40d2cfe59c4c08\lwjgl-3.2.3.jar;D:\Users\Stefan\.gradle\caches\modules-2\files-2.1\org.lwjgl\lwjgl\3.2.3\3d9d36c93446c7a1c90bc7aec8fa89c7988bf82b\lwjgl-3.2.3-natives-linux.jar;D:\Users\Stefan\.gradle\caches\modules-2\files-2.1\org.lwjgl\lwjgl\3.2.3\35f506c5d368017a3cc5590da3d6d3a0760fb606\lwjgl-3.2.3-natives-macos.jar;D:\Users\Stefan\.gradle\caches
Launcher Type: SUN_STANDARD

[Global flags]
     intx CICompilerCount                          = 4                                         {product} {ergonomic}
     uint ConcGCThreads                            = 2                                         {product} {ergonomic}
     uint G1ConcRefinementThreads                  = 8                                         {product} {ergonomic}
   size_t G1HeapRegionSize                         = 2097152                                   {product} {ergonomic}
    uintx GCDrainStackTargetSize                   = 64                                        {product} {ergonomic}
   size_t InitialHeapSize                          = 264241152                                 {product} {ergonomic}
   size_t MarkStackSize                            = 4194304                                   {product} {ergonomic}
   size_t MaxHeapSize                              = 4225761280                                {product} {ergonomic}
   size_t MaxNewSize                               = 2535456768                                {product} {ergonomic}
   size_t MinHeapDeltaBytes                        = 2097152                                   {product} {ergonomic}
   size_t MinHeapSize                              = 8388608                                   {product} {ergonomic}
    uintx NonNMethodCodeHeapSize                   = 5839372                                {pd product} {ergonomic}
    uintx NonProfiledCodeHeapSize                  = 122909434                              {pd product} {ergonomic}
    uintx ProfiledCodeHeapSize                     = 122909434                              {pd product} {ergonomic}
    uintx ReservedCodeCacheSize                    = 251658240                              {pd product} {ergonomic}
     bool SegmentedCodeCache                       = true                                      {product} {ergonomic}
   size_t SoftMaxHeapSize                          = 4225761280                             {manageable} {ergonomic}
     bool UseCompressedClassPointers               = true                                 {lp64_product} {ergonomic}
     bool UseCompressedOops                        = true                                 {lp64_product} {ergonomic}
     bool UseG1GC                                  = true                                      {product} {ergonomic}
     bool UseLargePagesIndividualAllocation        = false                                  {pd product} {ergonomic}

Logging:
Log output configuration:
 #0: stdout all=warning uptime,level,tags
 #1: stderr all=off uptime,level,tags

Environment Variables:
JAVA_HOME=C:\Program Files\AdoptOpenJDK\jdk-15.0.1.9-hotspot\
PATH=C:\Program Files\AdoptOpenJDK\jdk-15.0.1.9-hotspot\bin;C:\Windows\system32;C:\Windows;C:\Windows\System32\Wbem;C:\Windows\System32\WindowsPowerShell\v1.0\;C:\Program Files\Microsoft VS Code\bin;C:\Program Files\Git\cmd;D:\Users\Stefan\.cargo\bin;D:\Users\Stefan\AppData\Local\Microsoft\WindowsApps;D:\Users\Stefan\.dotnet\tools;C:\Program Files (x86)\Microsoft Visual Studio\2019\BuildTools\VC\Tools\MSVC\14.26.28801\bin\Hostx64\x64;C:\Program Files\heroku\bin;D:\Users\Stefan\AppData\Local\Programs\Fiddler
USERNAME=Stefan
OS=Windows_NT
PROCESSOR_IDENTIFIER=Intel64 Family 6 Model 126 Stepping 5, GenuineIntel



---------------  S Y S T E M  ---------------

OS:
 Windows 10 , 64 bit Build 19041 (10.0.19041.292)
OS uptime: 7 days 9:48 hours

CPU: total 8 (initial active 8) (4 cores per cpu, 2 threads per core) family 6 model 126 stepping 5 microcode 0x78, cmov, cx8, fxsr, mmx, sse, sse2, sse3, ssse3, sse4.1, sse4.2, popcnt, vzeroupper, avx, avx2, aes, clmul, erms, 3dnowpref, lzcnt, ht, tsc, tscinvbit, bmi1, bmi2, adx, avx512f, avx512dq, avx512cd, avx512bw, avx512vl, avx512_vpopcntdq, avx512_vpclmulqdq, avx512_vbmi, avx512_vbmi2, avx512_vaes, avx512_vnni, sha, fma, clflush, clflushopt

Memory: 4k page, system-wide physical 16118M (6011M free)
TotalPageFile size 32502M (AvailPageFile size 18624M)
current process WorkingSet (physical memory assigned to process): 487M, peak: 487M
current process commit charge ("private bytes"): 647M, peak: 660M

vm_info: OpenJDK 64-Bit Server VM (15.0.1+9-18) for windows-amd64 JRE (15.0.1+9-18), built on Sep 15 2020 14:39:31 by "mach5one" with unknown MS VC++:1925

END.
